INFO	2024/06/05 14:34:12 [::1]:53158 HTTP/1.1 GET localhost:4000
INFO	2024/06/05 14:34:12 [::1]:53158 HTTP/1.1 GET localhost:4000
INFO	2024/06/05 14:36:05 connection is established
INFO	2024/06/05 14:36:05 Starting server on :4000
INFO	2024/06/05 14:36:14 [::1]:53179 HTTP/1.1 GET localhost:4000
INFO	2024/06/05 14:36:14 [::1]:53179 HTTP/1.1 GET localhost:4000
INFO	2024/06/05 14:36:58 connection is established
INFO	2024/06/05 14:36:58 Starting server on :4000
INFO	2024/06/05 14:37:05 [::1]:53185 HTTP/1.1 GET localhost:4000
INFO	2024/06/05 14:37:05 [::1]:53185 HTTP/1.1 GET localhost:4000
INFO	2024/06/05 14:37:39 connection is established
INFO	2024/06/05 14:37:39 Starting server on :4000
INFO	2024/06/05 14:37:46 [::1]:53190 HTTP/1.1 GET localhost:4000
INFO	2024/06/05 14:37:46 [::1]:53190 HTTP/1.1 GET localhost:4000
INFO	2024/06/05 14:58:51 connection is established
INFO	2024/06/05 14:58:51 Starting server on :4000
INFO	2024/06/05 14:59:09 [::1]:53243 HTTP/1.1 GET localhost:4000
INFO	2024/06/05 14:59:09 [::1]:53243 HTTP/1.1 GET localhost:4000
INFO	2024/06/05 14:59:12 [::1]:53243 HTTP/1.1 GET localhost:4000
INFO	2024/06/05 14:59:12 [::1]:53243 HTTP/1.1 GET localhost:4000
INFO	2024/06/05 16:06:03 connection is established
INFO	2024/06/05 16:06:03 Starting server on :4000
INFO	2024/06/05 16:06:13 [::1]:54167 HTTP/1.1 GET localhost:4000
INFO	2024/06/05 16:06:13 [::1]:54167 HTTP/1.1 GET localhost:4000
INFO	2024/06/05 16:06:18 [::1]:54167 HTTP/1.1 POST localhost:4000
INFO	2024/06/05 16:06:19 [::1]:54167 HTTP/1.1 POST localhost:4000
INFO	2024/06/05 16:09:30 connection is established
INFO	2024/06/05 16:09:30 Starting server on :4000
INFO	2024/06/05 16:09:45 [::1]:54179 HTTP/1.1 POST localhost:4000
INFO	2024/06/05 16:09:49 [::1]:54179 HTTP/1.1 POST localhost:4000
INFO	2024/06/05 16:11:32 connection is established
INFO	2024/06/05 16:11:32 Starting server on :4000
INFO	2024/06/05 16:11:54 [::1]:54193 HTTP/1.1 POST localhost:4000
INFO	2024/06/05 16:11:56 [::1]:54193 HTTP/1.1 POST localhost:4000
INFO	2024/06/05 16:12:22 connection is established
INFO	2024/06/05 16:12:22 Starting server on :4000
INFO	2024/06/05 16:12:30 [::1]:54204 HTTP/1.1 POST localhost:4000
INFO	2024/06/05 16:12:35 [::1]:54204 HTTP/1.1 POST localhost:4000
INFO	2024/06/05 16:12:37 [::1]:54204 HTTP/1.1 POST localhost:4000
INFO	2024/06/05 16:14:23 connection is established
INFO	2024/06/05 16:14:23 Starting server on :4000
INFO	2024/06/05 16:14:48 [::1]:54215 HTTP/1.1 POST /delete?id=20
INFO	2024/06/05 16:14:57 [::1]:54215 HTTP/1.1 POST /tasks
INFO	2024/06/05 16:15:32 [::1]:54215 HTTP/1.1 POST /update?id=23
INFO	2024/06/05 16:16:11 connection is established
INFO	2024/06/05 16:16:11 Starting server on :4000
INFO	2024/06/05 16:16:19 [::1]:54224 HTTP/1.1 POST /update?id=23
INFO	2024/06/05 16:16:23 [::1]:54224 HTTP/1.1 POST /tasks
INFO	2024/06/05 16:16:27 [::1]:54224 HTTP/1.1 POST /delete?id=23
INFO	2024/06/05 16:16:47 connection is established
INFO	2024/06/05 16:16:47 Starting server on :4000
INFO	2024/06/05 16:16:56 [::1]:54233 HTTP/1.1 POST /delete?id=23
INFO	2024/06/05 16:16:56 [::1]:54233 HTTP/1.1 GET /delete/?id=23
INFO	2024/06/05 16:17:00 [::1]:54233 HTTP/1.1 POST /delete?id=23
INFO	2024/06/05 16:17:00 [::1]:54233 HTTP/1.1 GET /delete/?id=23
INFO	2024/06/05 16:17:53 connection is established
INFO	2024/06/05 16:17:53 Starting server on :4000
INFO	2024/06/05 16:18:03 [::1]:54249 HTTP/1.1 POST /tasks
INFO	2024/06/05 16:18:05 [::1]:54249 HTTP/1.1 POST /delete?id=23
INFO	2024/06/05 16:18:05 [::1]:54249 HTTP/1.1 GET /
INFO	2024/06/05 16:18:07 [::1]:54249 HTTP/1.1 POST /delete?id=20
INFO	2024/06/05 16:18:07 [::1]:54249 HTTP/1.1 GET /
INFO	2024/06/05 16:18:09 [::1]:54249 HTTP/1.1 POST /delete?id=21
INFO	2024/06/05 16:18:09 [::1]:54249 HTTP/1.1 GET /
INFO	2024/06/05 16:18:11 [::1]:54249 HTTP/1.1 POST /delete?id=22
INFO	2024/06/05 16:18:11 [::1]:54249 HTTP/1.1 GET /
INFO	2024/06/05 16:18:12 [::1]:54249 HTTP/1.1 POST /delete?id=24
INFO	2024/06/05 16:18:12 [::1]:54249 HTTP/1.1 GET /
INFO	2024/06/05 16:18:18 [::1]:54249 HTTP/1.1 POST /delete?id=26
INFO	2024/06/05 16:18:18 [::1]:54249 HTTP/1.1 GET /
INFO	2024/06/05 16:18:20 [::1]:54249 HTTP/1.1 POST /delete?id=25
INFO	2024/06/05 16:18:20 [::1]:54249 HTTP/1.1 GET /
INFO	2024/06/05 16:18:23 [::1]:54249 HTTP/1.1 POST /tasks
INFO	2024/06/05 16:18:25 [::1]:54249 HTTP/1.1 POST /delete?id=27
INFO	2024/06/05 16:18:25 [::1]:54249 HTTP/1.1 GET /
INFO	2024/06/05 16:18:27 [::1]:54249 HTTP/1.1 POST /tasks
INFO	2024/06/05 16:18:28 [::1]:54249 HTTP/1.1 POST /tasks
INFO	2024/06/05 16:18:32 [::1]:54249 HTTP/1.1 POST /tasks
INFO	2024/06/05 16:18:36 [::1]:54249 HTTP/1.1 POST /delete?id=29
INFO	2024/06/05 16:18:36 [::1]:54249 HTTP/1.1 GET /
INFO	2024/06/05 16:18:41 [::1]:54249 HTTP/1.1 POST /delete?id=30
INFO	2024/06/05 16:18:41 [::1]:54249 HTTP/1.1 GET /
INFO	2024/06/05 16:18:47 [::1]:54249 HTTP/1.1 POST /update?id=28
INFO	2024/06/05 16:19:32 connection is established
INFO	2024/06/05 16:19:32 Starting server on :4000
INFO	2024/06/05 16:19:40 [::1]:54257 HTTP/1.1 POST /update?id=28
INFO	2024/06/05 16:19:40 [::1]:54257 HTTP/1.1 GET /
INFO	2024/06/05 16:19:45 [::1]:54257 HTTP/1.1 POST /update?id=28
INFO	2024/06/05 16:19:45 [::1]:54257 HTTP/1.1 GET /
INFO	2024/06/05 16:44:27 connection is established
INFO	2024/06/05 16:44:27 Starting server on :4000
INFO	2024/06/05 16:44:41 [::1]:54543 HTTP/1.1 GET /
INFO	2024/06/05 16:44:42 [::1]:54543 HTTP/1.1 GET /
INFO	2024/06/05 16:44:44 [::1]:54543 HTTP/1.1 POST /tasks
INFO	2024/06/05 16:44:55 [::1]:54543 HTTP/1.1 POST /tasks
INFO	2024/06/05 16:44:58 [::1]:54543 HTTP/1.1 POST /delete?id=32
INFO	2024/06/05 16:44:59 [::1]:54543 HTTP/1.1 GET /
INFO	2024/06/05 16:45:00 [::1]:54543 HTTP/1.1 POST /delete?id=28
INFO	2024/06/05 16:45:00 [::1]:54543 HTTP/1.1 GET /
INFO	2024/06/05 16:45:01 [::1]:54543 HTTP/1.1 POST /delete?id=31
INFO	2024/06/05 16:45:02 [::1]:54543 HTTP/1.1 GET /
INFO	2024/06/05 16:45:04 [::1]:54543 HTTP/1.1 POST /tasks
INFO	2024/06/05 16:45:06 [::1]:54543 HTTP/1.1 POST /delete?id=33
INFO	2024/06/05 16:45:06 [::1]:54543 HTTP/1.1 GET /
INFO	2024/06/05 16:45:46 connection is established
INFO	2024/06/05 16:45:46 Starting server on :4000
INFO	2024/06/05 16:45:54 [::1]:54551 HTTP/1.1 GET /
INFO	2024/06/05 16:45:58 [::1]:54551 HTTP/1.1 POST /tasks
INFO	2024/06/05 16:46:47 [::1]:54551 HTTP/1.1 POST /tasks
INFO	2024/06/05 16:49:06 connection is established
INFO	2024/06/05 16:49:06 Starting server on :4000
INFO	2024/06/05 16:49:19 [::1]:56305 HTTP/1.1 POST /tasks
INFO	2024/06/05 16:49:21 [::1]:56305 HTTP/1.1 POST /tasks
INFO	2024/06/05 16:49:23 [::1]:56305 HTTP/1.1 POST /delete?id=34
INFO	2024/06/05 16:49:23 [::1]:56305 HTTP/1.1 GET /
INFO	2024/06/05 16:49:26 [::1]:56305 HTTP/1.1 POST /tasks
INFO	2024/06/05 16:53:28 connection is established
INFO	2024/06/05 16:53:28 Starting server on :4000
INFO	2024/06/05 16:53:48 [::1]:56412 HTTP/1.1 POST /tasks
INFO	2024/06/05 16:53:51 [::1]:56412 HTTP/1.1 POST /tasks
INFO	2024/06/05 16:53:53 [::1]:56412 HTTP/1.1 POST /update?id=35
INFO	2024/06/05 16:53:53 [::1]:56412 HTTP/1.1 GET /
INFO	2024/06/05 16:53:57 [::1]:56412 HTTP/1.1 POST /update?id=35
INFO	2024/06/05 16:53:57 [::1]:56412 HTTP/1.1 GET /
INFO	2024/06/05 16:54:01 [::1]:56412 HTTP/1.1 POST /update?id=35
INFO	2024/06/05 16:54:01 [::1]:56412 HTTP/1.1 GET /
INFO	2024/06/05 16:54:46 connection is established
INFO	2024/06/05 16:54:46 Starting server on :4000
INFO	2024/06/05 16:54:57 [::1]:56428 HTTP/1.1 GET /
INFO	2024/06/05 16:55:01 [::1]:56428 HTTP/1.1 POST /tasks
INFO	2024/06/05 16:55:01 [::1]:56428 HTTP/1.1 GET /
INFO	2024/06/05 16:55:05 [::1]:56428 HTTP/1.1 POST /delete?id=36
INFO	2024/06/05 16:55:05 [::1]:56428 HTTP/1.1 GET /
INFO	2024/06/05 16:55:07 [::1]:56428 HTTP/1.1 POST /delete?id=35
INFO	2024/06/05 16:55:07 [::1]:56428 HTTP/1.1 GET /
INFO	2024/06/05 16:55:10 [::1]:56428 HTTP/1.1 POST /tasks
INFO	2024/06/05 16:55:10 [::1]:56428 HTTP/1.1 GET /
INFO	2024/06/05 16:55:12 [::1]:56428 HTTP/1.1 POST /tasks
INFO	2024/06/05 16:55:12 [::1]:56428 HTTP/1.1 GET /
INFO	2024/06/05 16:56:13 [::1]:56428 HTTP/1.1 GET /
INFO	2024/06/05 17:41:36 connection is established
INFO	2024/06/05 17:41:36 Starting server on :4000
INFO	2024/06/05 17:41:44 [::1]:56987 HTTP/1.1 POST /tasks
INFO	2024/06/05 17:41:44 [::1]:56987 HTTP/1.1 GET /
INFO	2024/06/05 17:41:47 [::1]:56987 HTTP/1.1 POST /tasks
INFO	2024/06/05 17:41:47 [::1]:56987 HTTP/1.1 GET /
INFO	2024/06/05 17:41:52 [::1]:56987 HTTP/1.1 POST /tasks
INFO	2024/06/05 17:41:52 [::1]:56987 HTTP/1.1 GET /
INFO	2024/06/05 17:41:59 [::1]:56987 HTTP/1.1 POST /update?id=37
INFO	2024/06/05 17:41:59 [::1]:56987 HTTP/1.1 GET /
INFO	2024/06/05 17:42:02 [::1]:56987 HTTP/1.1 POST /tasks
INFO	2024/06/05 17:42:02 [::1]:56987 HTTP/1.1 GET /
INFO	2024/06/05 17:42:04 [::1]:56987 HTTP/1.1 POST /delete?id=37
INFO	2024/06/05 17:42:04 [::1]:56987 HTTP/1.1 GET /
INFO	2024/06/05 17:42:06 [::1]:56987 HTTP/1.1 POST /delete?id=38
INFO	2024/06/05 17:42:06 [::1]:56987 HTTP/1.1 GET /
INFO	2024/06/05 17:58:23 connection is established
INFO	2024/06/05 17:58:23 Starting server on :4000
INFO	2024/06/05 17:58:33 [::1]:57106 HTTP/1.1 GET /
INFO	2024/06/05 18:04:49 connection is established
INFO	2024/06/05 18:04:49 Starting server on :4000
INFO	2024/06/05 18:05:01 [::1]:57159 HTTP/1.1 GET /
INFO	2024/06/05 18:05:04 [::1]:57159 HTTP/1.1 POST /tasks
INFO	2024/06/05 18:06:01 connection is established
INFO	2024/06/05 18:06:01 Starting server on :4000
INFO	2024/06/05 18:06:36 [::1]:57183 HTTP/1.1 GET /
INFO	2024/06/05 18:06:39 [::1]:57183 HTTP/1.1 POST /tasks
INFO	2024/06/05 18:07:25 connection is established
INFO	2024/06/05 18:07:25 Starting server on :4000
INFO	2024/06/05 18:07:45 [::1]:57195 HTTP/1.1 POST /tasks
INFO	2024/06/05 18:08:26 connection is established
INFO	2024/06/05 18:08:26 Starting server on :4000
INFO	2024/06/05 18:08:36 [::1]:57212 HTTP/1.1 POST /tasks
INFO	2024/06/05 18:08:44 [::1]:57212 HTTP/1.1 POST /tasks
INFO	2024/06/05 18:09:06 [::1]:57212 HTTP/1.1 POST /tasks
INFO	2024/06/05 18:10:28 connection is established
INFO	2024/06/05 18:10:28 Starting server on :4000
INFO	2024/06/05 18:10:50 [::1]:57234 HTTP/1.1 POST /tasks
INFO	2024/06/05 18:10:53 [::1]:57234 HTTP/1.1 POST /tasks
INFO	2024/06/05 18:11:56 connection is established
INFO	2024/06/05 18:11:56 Starting server on :4000
INFO	2024/06/05 18:12:06 [::1]:57251 HTTP/1.1 POST /tasks
INFO	2024/06/05 18:12:08 [::1]:57251 HTTP/1.1 POST /delete?id=39
INFO	2024/06/05 18:12:08 [::1]:57251 HTTP/1.1 GET /
INFO	2024/06/05 18:12:58 connection is established
INFO	2024/06/05 18:12:58 Starting server on :4000
INFO	2024/06/05 18:13:08 [::1]:57268 HTTP/1.1 GET /
INFO	2024/06/05 18:13:10 [::1]:57268 HTTP/1.1 POST /delete?id=40
INFO	2024/06/05 18:13:10 [::1]:57268 HTTP/1.1 GET /
INFO	2024/06/05 18:14:25 connection is established
INFO	2024/06/05 18:14:25 Starting server on :4000
INFO	2024/06/05 18:14:36 [::1]:57286 HTTP/1.1 GET /
INFO	2024/06/05 18:14:38 [::1]:57286 HTTP/1.1 POST /delete?id=41
INFO	2024/06/05 18:14:38 [::1]:57286 HTTP/1.1 GET /
INFO	2024/06/05 18:14:42 [::1]:57286 HTTP/1.1 POST /tasks
INFO	2024/06/05 18:14:48 [::1]:57286 HTTP/1.1 POST /update?id=42
INFO	2024/06/05 18:14:48 [::1]:57286 HTTP/1.1 GET /
INFO	2024/06/05 18:14:52 [::1]:57286 HTTP/1.1 POST /update?id=42
INFO	2024/06/05 18:14:52 [::1]:57286 HTTP/1.1 GET /
INFO	2024/06/05 18:14:54 [::1]:57286 HTTP/1.1 POST /delete?id=42
INFO	2024/06/05 18:14:54 [::1]:57286 HTTP/1.1 GET /
INFO	2024/06/05 18:15:26 [::1]:57286 HTTP/1.1 GET /
INFO	2024/06/05 18:15:38 [::1]:57286 HTTP/1.1 POST /tasks
INFO	2024/06/05 18:15:41 [::1]:57286 HTTP/1.1 POST /delete?id=43
INFO	2024/06/05 18:15:41 [::1]:57286 HTTP/1.1 GET /
INFO	2024/06/05 18:15:44 [::1]:57286 HTTP/1.1 GET /
INFO	2024/06/05 18:15:47 [::1]:57286 HTTP/1.1 POST /tasks
INFO	2024/06/05 18:15:54 [::1]:57286 HTTP/1.1 POST /update?id=44
INFO	2024/06/05 18:15:54 [::1]:57286 HTTP/1.1 GET /
INFO	2024/06/05 18:16:06 [::1]:57286 HTTP/1.1 POST /delete?id=44
INFO	2024/06/05 18:16:06 [::1]:57286 HTTP/1.1 GET /
INFO	2024/06/05 18:16:12 [::1]:57286 HTTP/1.1 GET /
INFO	2024/06/05 18:19:49 [::1]:57286 HTTP/1.1 POST /tasks
INFO	2024/06/05 18:33:27 [::1]:57489 HTTP/1.1 POST /tasks
INFO	2024/06/05 18:33:33 [::1]:57489 HTTP/1.1 POST /tasks
INFO	2024/06/05 18:33:36 [::1]:57489 HTTP/1.1 POST /delete?id=45
INFO	2024/06/05 18:33:36 [::1]:57489 HTTP/1.1 GET /
INFO	2024/06/05 18:33:38 [::1]:57489 HTTP/1.1 GET /
INFO	2024/06/05 18:33:50 [::1]:57489 HTTP/1.1 POST /tasks
INFO	2024/06/05 18:34:11 [::1]:57489 HTTP/1.1 POST /tasks
INFO	2024/06/05 18:47:43 [::1]:57610 HTTP/1.1 POST /tasks
INFO	2024/06/05 18:47:47 [::1]:57610 HTTP/1.1 POST /tasks
INFO	2024/06/05 18:47:52 [::1]:57610 HTTP/1.1 POST /update?id=46
INFO	2024/06/05 18:47:52 [::1]:57610 HTTP/1.1 GET /
INFO	2024/06/05 18:47:57 [::1]:57610 HTTP/1.1 POST /update?id=46
INFO	2024/06/05 18:47:57 [::1]:57610 HTTP/1.1 GET /
INFO	2024/06/05 18:47:59 [::1]:57610 HTTP/1.1 POST /delete?id=46
INFO	2024/06/05 18:47:59 [::1]:57610 HTTP/1.1 GET /
INFO	2024/06/05 18:52:25 connection is established
INFO	2024/06/05 18:52:25 Starting server on :4000
INFO	2024/06/05 18:52:35 [::1]:57666 HTTP/1.1 GET /login
INFO	2024/06/05 18:53:07 connection is established
INFO	2024/06/05 18:53:07 Starting server on :4000
INFO	2024/06/05 18:53:13 [::1]:57676 HTTP/1.1 GET /login
INFO	2024/06/05 18:53:23 [::1]:57676 HTTP/1.1 POST /login
INFO	2024/06/06 10:04:46 [::1]:59311 HTTP/1.1 GET /
INFO	2024/06/06 10:04:46 [::1]:59311 HTTP/1.1 GET /static/css/main.css
INFO	2024/06/06 10:04:49 [::1]:59311 HTTP/1.1 POST /tasks
INFO	2024/06/06 10:04:58 [::1]:59311 HTTP/1.1 POST /tasks
INFO	2024/06/06 10:05:05 [::1]:59311 HTTP/1.1 POST /tasks
INFO	2024/06/06 10:05:12 [::1]:59311 HTTP/1.1 GET /
INFO	2024/06/06 10:05:19 [::1]:59311 HTTP/1.1 POST /tasks
INFO	2024/06/06 10:06:01 [::1]:59311 HTTP/1.1 POST /tasks
INFO	2024/06/06 10:06:05 [::1]:59311 HTTP/1.1 POST /update?id=47
INFO	2024/06/06 10:06:05 [::1]:59311 HTTP/1.1 GET /
INFO	2024/06/06 10:06:06 [::1]:59311 HTTP/1.1 POST /update?id=47
INFO	2024/06/06 10:06:06 [::1]:59311 HTTP/1.1 GET /
INFO	2024/06/06 10:06:06 [::1]:59311 HTTP/1.1 POST /update?id=47
INFO	2024/06/06 10:06:06 [::1]:59311 HTTP/1.1 GET /
INFO	2024/06/06 10:06:07 [::1]:59311 HTTP/1.1 POST /update?id=47
INFO	2024/06/06 10:06:07 [::1]:59311 HTTP/1.1 GET /
INFO	2024/06/06 10:06:08 [::1]:59311 HTTP/1.1 POST /delete?id=47
INFO	2024/06/06 10:06:08 [::1]:59311 HTTP/1.1 GET /
INFO	2024/06/06 10:06:09 [::1]:59311 HTTP/1.1 POST /delete?id=48
INFO	2024/06/06 10:06:09 [::1]:59311 HTTP/1.1 GET /
INFO	2024/06/06 10:06:09 [::1]:59311 HTTP/1.1 POST /delete?id=49
INFO	2024/06/06 10:06:09 [::1]:59311 HTTP/1.1 GET /
INFO	2024/06/06 10:06:10 [::1]:59311 HTTP/1.1 POST /delete?id=50
INFO	2024/06/06 10:06:10 [::1]:59311 HTTP/1.1 GET /
INFO	2024/06/06 10:06:10 [::1]:59311 HTTP/1.1 POST /delete?id=51
INFO	2024/06/06 10:06:10 [::1]:59311 HTTP/1.1 GET /
INFO	2024/06/06 10:07:43 [::1]:59311 HTTP/1.1 GET /
INFO	2024/06/06 10:07:46 [::1]:59311 HTTP/1.1 POST /tasks
INFO	2024/06/06 10:07:50 [::1]:59311 HTTP/1.1 POST /tasks
INFO	2024/06/06 10:17:26 [::1]:59602 HTTP/1.1 POST /tasks
INFO	2024/06/06 10:17:49 [::1]:59602 HTTP/1.1 POST /delete?id=52
INFO	2024/06/06 10:17:50 [::1]:59602 HTTP/1.1 GET /
INFO	2024/06/06 10:17:50 [::1]:59602 HTTP/1.1 POST /delete?id=53
INFO	2024/06/06 10:17:50 [::1]:59602 HTTP/1.1 GET /
INFO	2024/06/06 10:17:51 [::1]:59602 HTTP/1.1 POST /delete?id=54
INFO	2024/06/06 10:17:51 [::1]:59602 HTTP/1.1 GET /
INFO	2024/06/06 10:17:53 [::1]:59602 HTTP/1.1 GET /
INFO	2024/06/06 10:17:58 [::1]:59602 HTTP/1.1 POST /tasks
INFO	2024/06/06 10:18:03 [::1]:59602 HTTP/1.1 POST /tasks
INFO	2024/06/06 10:28:51 connection is established
INFO	2024/06/06 10:28:51 Starting server on :4000
INFO	2024/06/06 10:29:00 [::1]:59706 HTTP/1.1 POST /tasks
INFO	2024/06/06 10:29:00 [::1]:59706 HTTP/1.1 GET /
INFO	2024/06/06 10:29:00 [::1]:59706 HTTP/1.1 GET /
INFO	2024/06/06 10:29:00 [::1]:59706 HTTP/1.1 GET /
INFO	2024/06/06 10:29:00 [::1]:59706 HTTP/1.1 GET /
INFO	2024/06/06 10:29:00 [::1]:59706 HTTP/1.1 GET /
INFO	2024/06/06 10:29:00 [::1]:59706 HTTP/1.1 GET /
INFO	2024/06/06 10:29:00 [::1]:59706 HTTP/1.1 GET /
INFO	2024/06/06 10:29:00 [::1]:59706 HTTP/1.1 GET /
INFO	2024/06/06 10:29:00 [::1]:59706 HTTP/1.1 GET /
INFO	2024/06/06 10:29:00 [::1]:59706 HTTP/1.1 GET /
INFO	2024/06/06 10:29:00 [::1]:59706 HTTP/1.1 GET /
INFO	2024/06/06 10:29:00 [::1]:59706 HTTP/1.1 GET /
INFO	2024/06/06 10:29:00 [::1]:59706 HTTP/1.1 GET /
INFO	2024/06/06 10:29:00 [::1]:59706 HTTP/1.1 GET /
INFO	2024/06/06 10:29:00 [::1]:59706 HTTP/1.1 GET /
INFO	2024/06/06 10:29:00 [::1]:59706 HTTP/1.1 GET /
INFO	2024/06/06 10:29:00 [::1]:59706 HTTP/1.1 GET /
INFO	2024/06/06 10:29:00 [::1]:59706 HTTP/1.1 GET /
INFO	2024/06/06 10:29:00 [::1]:59706 HTTP/1.1 GET /
INFO	2024/06/06 10:29:01 [::1]:59706 HTTP/1.1 GET /
INFO	2024/06/06 10:29:01 [::1]:59706 HTTP/1.1 GET /
INFO	2024/06/06 10:29:01 [::1]:59706 HTTP/1.1 GET /
INFO	2024/06/06 10:29:01 [::1]:59706 HTTP/1.1 GET /
INFO	2024/06/06 10:29:01 [::1]:59706 HTTP/1.1 GET /
INFO	2024/06/06 10:29:01 [::1]:59706 HTTP/1.1 GET /
INFO	2024/06/06 10:29:01 [::1]:59706 HTTP/1.1 GET /
INFO	2024/06/06 10:29:01 [::1]:59706 HTTP/1.1 GET /
INFO	2024/06/06 10:29:01 [::1]:59706 HTTP/1.1 GET /
INFO	2024/06/06 10:29:01 [::1]:59706 HTTP/1.1 GET /
INFO	2024/06/06 10:29:01 [::1]:59706 HTTP/1.1 GET /
INFO	2024/06/06 10:29:01 [::1]:59706 HTTP/1.1 GET /
INFO	2024/06/06 10:29:01 [::1]:59706 HTTP/1.1 GET /
INFO	2024/06/06 10:29:01 [::1]:59706 HTTP/1.1 GET /
INFO	2024/06/06 10:29:01 [::1]:59706 HTTP/1.1 GET /
INFO	2024/06/06 10:29:01 [::1]:59706 HTTP/1.1 GET /
INFO	2024/06/06 10:29:01 [::1]:59706 HTTP/1.1 GET /
INFO	2024/06/06 10:29:01 [::1]:59706 HTTP/1.1 GET /
INFO	2024/06/06 10:29:01 [::1]:59706 HTTP/1.1 GET /
INFO	2024/06/06 10:29:01 [::1]:59706 HTTP/1.1 GET /
INFO	2024/06/06 10:29:06 [::1]:59706 HTTP/1.1 GET /
INFO	2024/06/06 10:29:06 [::1]:59706 HTTP/1.1 GET /
INFO	2024/06/06 10:29:07 [::1]:59706 HTTP/1.1 GET /
INFO	2024/06/06 10:29:07 [::1]:59706 HTTP/1.1 GET /
INFO	2024/06/06 10:29:07 [::1]:59706 HTTP/1.1 GET /
INFO	2024/06/06 10:29:07 [::1]:59706 HTTP/1.1 GET /
INFO	2024/06/06 10:29:07 [::1]:59706 HTTP/1.1 GET /
INFO	2024/06/06 10:29:07 [::1]:59706 HTTP/1.1 GET /
INFO	2024/06/06 10:29:07 [::1]:59706 HTTP/1.1 GET /
INFO	2024/06/06 10:29:07 [::1]:59706 HTTP/1.1 GET /
INFO	2024/06/06 10:29:07 [::1]:59706 HTTP/1.1 GET /
INFO	2024/06/06 10:29:07 [::1]:59706 HTTP/1.1 GET /
INFO	2024/06/06 10:29:07 [::1]:59706 HTTP/1.1 GET /
INFO	2024/06/06 10:29:07 [::1]:59706 HTTP/1.1 GET /
INFO	2024/06/06 10:29:07 [::1]:59706 HTTP/1.1 GET /
INFO	2024/06/06 10:29:07 [::1]:59706 HTTP/1.1 GET /
INFO	2024/06/06 10:29:07 [::1]:59706 HTTP/1.1 GET /
INFO	2024/06/06 10:29:07 [::1]:59706 HTTP/1.1 GET /
INFO	2024/06/06 10:29:07 [::1]:59706 HTTP/1.1 GET /
INFO	2024/06/06 10:29:07 [::1]:59706 HTTP/1.1 GET /
INFO	2024/06/06 10:29:37 [::1]:59706 HTTP/1.1 GET /
INFO	2024/06/06 10:29:37 [::1]:59706 HTTP/1.1 GET /
INFO	2024/06/06 10:29:37 [::1]:59706 HTTP/1.1 GET /
INFO	2024/06/06 10:29:37 [::1]:59706 HTTP/1.1 GET /
INFO	2024/06/06 10:29:37 [::1]:59706 HTTP/1.1 GET /
INFO	2024/06/06 10:29:37 [::1]:59706 HTTP/1.1 GET /
INFO	2024/06/06 10:29:37 [::1]:59706 HTTP/1.1 GET /
INFO	2024/06/06 10:29:37 [::1]:59706 HTTP/1.1 GET /
INFO	2024/06/06 10:29:37 [::1]:59706 HTTP/1.1 GET /
INFO	2024/06/06 10:29:37 [::1]:59706 HTTP/1.1 GET /
INFO	2024/06/06 10:29:37 [::1]:59706 HTTP/1.1 GET /
INFO	2024/06/06 10:29:37 [::1]:59706 HTTP/1.1 GET /
INFO	2024/06/06 10:29:37 [::1]:59706 HTTP/1.1 GET /
INFO	2024/06/06 10:29:37 [::1]:59706 HTTP/1.1 GET /
INFO	2024/06/06 10:29:37 [::1]:59706 HTTP/1.1 GET /
INFO	2024/06/06 10:29:37 [::1]:59706 HTTP/1.1 GET /
INFO	2024/06/06 10:29:37 [::1]:59706 HTTP/1.1 GET /
INFO	2024/06/06 10:29:37 [::1]:59706 HTTP/1.1 GET /
INFO	2024/06/06 10:29:37 [::1]:59706 HTTP/1.1 GET /
INFO	2024/06/06 10:29:37 [::1]:59706 HTTP/1.1 GET /
INFO	2024/06/06 10:30:06 connection is established
INFO	2024/06/06 10:30:06 Starting server on :4000
INFO	2024/06/06 10:30:12 [::1]:59722 HTTP/1.1 GET /
INFO	2024/06/06 10:30:12 [::1]:59722 HTTP/1.1 GET /
INFO	2024/06/06 10:30:12 [::1]:59722 HTTP/1.1 GET /
INFO	2024/06/06 10:30:12 [::1]:59722 HTTP/1.1 GET /
INFO	2024/06/06 10:30:12 [::1]:59722 HTTP/1.1 GET /
INFO	2024/06/06 10:30:12 [::1]:59722 HTTP/1.1 GET /
INFO	2024/06/06 10:30:12 [::1]:59722 HTTP/1.1 GET /
INFO	2024/06/06 10:30:12 [::1]:59722 HTTP/1.1 GET /
INFO	2024/06/06 10:30:12 [::1]:59722 HTTP/1.1 GET /
INFO	2024/06/06 10:30:12 [::1]:59722 HTTP/1.1 GET /
INFO	2024/06/06 10:30:12 [::1]:59722 HTTP/1.1 GET /
INFO	2024/06/06 10:30:12 [::1]:59722 HTTP/1.1 GET /
INFO	2024/06/06 10:30:12 [::1]:59722 HTTP/1.1 GET /
INFO	2024/06/06 10:30:12 [::1]:59722 HTTP/1.1 GET /
INFO	2024/06/06 10:30:12 [::1]:59722 HTTP/1.1 GET /
INFO	2024/06/06 10:30:12 [::1]:59722 HTTP/1.1 GET /
INFO	2024/06/06 10:30:12 [::1]:59722 HTTP/1.1 GET /
INFO	2024/06/06 10:30:12 [::1]:59722 HTTP/1.1 GET /
INFO	2024/06/06 10:30:12 [::1]:59722 HTTP/1.1 GET /
INFO	2024/06/06 10:30:12 [::1]:59722 HTTP/1.1 GET /
INFO	2024/06/06 10:30:42 [::1]:59722 HTTP/1.1 GET /
INFO	2024/06/06 10:30:42 [::1]:59722 HTTP/1.1 GET /
INFO	2024/06/06 10:30:42 [::1]:59722 HTTP/1.1 GET /
INFO	2024/06/06 10:30:42 [::1]:59722 HTTP/1.1 GET /
INFO	2024/06/06 10:30:42 [::1]:59722 HTTP/1.1 GET /
INFO	2024/06/06 10:30:42 [::1]:59722 HTTP/1.1 GET /
INFO	2024/06/06 10:30:42 [::1]:59722 HTTP/1.1 GET /
INFO	2024/06/06 10:30:42 [::1]:59722 HTTP/1.1 GET /
INFO	2024/06/06 10:30:42 [::1]:59722 HTTP/1.1 GET /
INFO	2024/06/06 10:30:42 [::1]:59722 HTTP/1.1 GET /
INFO	2024/06/06 10:30:42 [::1]:59722 HTTP/1.1 GET /
INFO	2024/06/06 10:30:42 [::1]:59722 HTTP/1.1 GET /
INFO	2024/06/06 10:30:42 [::1]:59722 HTTP/1.1 GET /
INFO	2024/06/06 10:30:42 [::1]:59722 HTTP/1.1 GET /
INFO	2024/06/06 10:30:42 [::1]:59722 HTTP/1.1 GET /
INFO	2024/06/06 10:30:42 [::1]:59722 HTTP/1.1 GET /
INFO	2024/06/06 10:30:42 [::1]:59722 HTTP/1.1 GET /
INFO	2024/06/06 10:30:42 [::1]:59722 HTTP/1.1 GET /
INFO	2024/06/06 10:30:42 [::1]:59722 HTTP/1.1 GET /
INFO	2024/06/06 10:30:42 [::1]:59722 HTTP/1.1 GET /
INFO	2024/06/06 10:30:51 [::1]:59722 HTTP/1.1 GET /
INFO	2024/06/06 10:30:51 [::1]:59722 HTTP/1.1 GET /
INFO	2024/06/06 10:30:51 [::1]:59722 HTTP/1.1 GET /
INFO	2024/06/06 10:30:51 [::1]:59722 HTTP/1.1 GET /
INFO	2024/06/06 10:30:51 [::1]:59722 HTTP/1.1 GET /
INFO	2024/06/06 10:30:51 [::1]:59722 HTTP/1.1 GET /
INFO	2024/06/06 10:30:51 [::1]:59722 HTTP/1.1 GET /
INFO	2024/06/06 10:30:51 [::1]:59722 HTTP/1.1 GET /
INFO	2024/06/06 10:30:51 [::1]:59722 HTTP/1.1 GET /
INFO	2024/06/06 10:30:51 [::1]:59722 HTTP/1.1 GET /
INFO	2024/06/06 10:30:51 [::1]:59722 HTTP/1.1 GET /
INFO	2024/06/06 10:30:51 [::1]:59722 HTTP/1.1 GET /
INFO	2024/06/06 10:30:51 [::1]:59722 HTTP/1.1 GET /
INFO	2024/06/06 10:30:51 [::1]:59722 HTTP/1.1 GET /
INFO	2024/06/06 10:30:51 [::1]:59722 HTTP/1.1 GET /
INFO	2024/06/06 10:30:51 [::1]:59722 HTTP/1.1 GET /
INFO	2024/06/06 10:30:51 [::1]:59722 HTTP/1.1 GET /
INFO	2024/06/06 10:30:51 [::1]:59722 HTTP/1.1 GET /
INFO	2024/06/06 10:30:51 [::1]:59722 HTTP/1.1 GET /
INFO	2024/06/06 10:30:51 [::1]:59722 HTTP/1.1 GET /
INFO	2024/06/06 10:31:08 connection is established
INFO	2024/06/06 10:31:08 Starting server on :4000
INFO	2024/06/06 10:31:14 [::1]:59739 HTTP/1.1 GET /
INFO	2024/06/06 10:31:14 [::1]:59739 HTTP/1.1 GET /
INFO	2024/06/06 10:31:14 [::1]:59739 HTTP/1.1 GET /
INFO	2024/06/06 10:31:14 [::1]:59739 HTTP/1.1 GET /
INFO	2024/06/06 10:31:14 [::1]:59739 HTTP/1.1 GET /
INFO	2024/06/06 10:31:14 [::1]:59739 HTTP/1.1 GET /
INFO	2024/06/06 10:31:14 [::1]:59739 HTTP/1.1 GET /
INFO	2024/06/06 10:31:14 [::1]:59739 HTTP/1.1 GET /
INFO	2024/06/06 10:31:14 [::1]:59739 HTTP/1.1 GET /
INFO	2024/06/06 10:31:14 [::1]:59739 HTTP/1.1 GET /
INFO	2024/06/06 10:31:14 [::1]:59739 HTTP/1.1 GET /
INFO	2024/06/06 10:31:14 [::1]:59739 HTTP/1.1 GET /
INFO	2024/06/06 10:31:14 [::1]:59739 HTTP/1.1 GET /
INFO	2024/06/06 10:31:14 [::1]:59739 HTTP/1.1 GET /
INFO	2024/06/06 10:31:14 [::1]:59739 HTTP/1.1 GET /
INFO	2024/06/06 10:31:14 [::1]:59739 HTTP/1.1 GET /
INFO	2024/06/06 10:31:14 [::1]:59739 HTTP/1.1 GET /
INFO	2024/06/06 10:31:14 [::1]:59739 HTTP/1.1 GET /
INFO	2024/06/06 10:31:14 [::1]:59739 HTTP/1.1 GET /
INFO	2024/06/06 10:31:14 [::1]:59739 HTTP/1.1 GET /
INFO	2024/06/06 10:32:00 connection is established
INFO	2024/06/06 10:32:00 Starting server on :4000
INFO	2024/06/06 10:32:05 [::1]:59750 HTTP/1.1 GET /
INFO	2024/06/06 10:32:08 [::1]:59750 HTTP/1.1 POST /delete?id=55
INFO	2024/06/06 10:32:08 [::1]:59750 HTTP/1.1 GET /
INFO	2024/06/06 10:32:10 [::1]:59750 HTTP/1.1 GET /
INFO	2024/06/06 10:32:11 [::1]:59750 HTTP/1.1 GET /
INFO	2024/06/06 10:32:12 [::1]:59750 HTTP/1.1 GET /
INFO	2024/06/06 10:32:13 [::1]:59750 HTTP/1.1 POST /delete?id=56
INFO	2024/06/06 10:32:13 [::1]:59750 HTTP/1.1 GET /
INFO	2024/06/06 10:32:16 [::1]:59750 HTTP/1.1 POST /tasks
INFO	2024/06/06 10:32:48 [::1]:59750 HTTP/1.1 POST /update?id=57
INFO	2024/06/06 10:32:48 [::1]:59750 HTTP/1.1 GET /
INFO	2024/06/06 10:32:52 [::1]:59750 HTTP/1.1 GET /
INFO	2024/06/06 10:32:55 [::1]:59750 HTTP/1.1 POST /delete?id=57
INFO	2024/06/06 10:32:55 [::1]:59750 HTTP/1.1 GET /
INFO	2024/06/06 10:32:55 [::1]:59750 HTTP/1.1 POST /delete?id=58
INFO	2024/06/06 10:32:55 [::1]:59750 HTTP/1.1 GET /
INFO	2024/06/06 10:34:16 connection is established
INFO	2024/06/06 10:34:16 Starting server on :4000
INFO	2024/06/06 10:34:21 [::1]:59773 HTTP/1.1 GET /
INFO	2024/06/06 10:34:24 [::1]:59773 HTTP/1.1 POST /tasks
INFO	2024/06/06 10:34:26 [::1]:59773 HTTP/1.1 POST /delete?id=59
INFO	2024/06/06 10:34:26 [::1]:59773 HTTP/1.1 GET /
INFO	2024/06/06 10:34:29 [::1]:59773 HTTP/1.1 POST /tasks
INFO	2024/06/06 10:34:32 [::1]:59773 HTTP/1.1 POST /tasks
INFO	2024/06/06 10:34:34 [::1]:59773 HTTP/1.1 POST /update?id=60
INFO	2024/06/06 10:34:34 [::1]:59773 HTTP/1.1 GET /
INFO	2024/06/06 10:34:36 [::1]:59773 HTTP/1.1 GET /
INFO	2024/06/06 10:34:37 [::1]:59773 HTTP/1.1 GET /
INFO	2024/06/06 10:34:37 [::1]:59773 HTTP/1.1 GET /
INFO	2024/06/06 10:34:38 [::1]:59773 HTTP/1.1 GET /
INFO	2024/06/06 10:34:38 [::1]:59773 HTTP/1.1 GET /
INFO	2024/06/06 10:34:38 [::1]:59773 HTTP/1.1 GET /
INFO	2024/06/06 10:34:38 [::1]:59773 HTTP/1.1 GET /
INFO	2024/06/06 10:34:38 [::1]:59773 HTTP/1.1 GET /
INFO	2024/06/06 10:34:40 [::1]:59773 HTTP/1.1 POST /tasks
INFO	2024/06/06 10:34:42 [::1]:59773 HTTP/1.1 POST /delete?id=60
INFO	2024/06/06 10:34:42 [::1]:59773 HTTP/1.1 GET /
INFO	2024/06/06 10:34:44 [::1]:59773 HTTP/1.1 GET /
INFO	2024/06/06 10:34:44 [::1]:59773 HTTP/1.1 GET /
INFO	2024/06/06 10:34:44 [::1]:59773 HTTP/1.1 GET /
INFO	2024/06/06 10:34:44 [::1]:59773 HTTP/1.1 GET /
INFO	2024/06/06 10:34:45 [::1]:59773 HTTP/1.1 GET /
INFO	2024/06/06 10:34:45 [::1]:59773 HTTP/1.1 GET /
INFO	2024/06/06 11:18:44 connection is established
INFO	2024/06/06 11:18:44 Starting server on :4000
INFO	2024/06/06 11:18:53 [::1]:60235 HTTP/1.1 GET /
INFO	2024/06/06 11:19:02 [::1]:60235 HTTP/1.1 GET /login
INFO	2024/06/06 11:19:30 [::1]:60235 HTTP/1.1 POST /login
INFO	2024/06/06 11:52:10 connection is established
INFO	2024/06/06 11:52:10 Starting server on :4000
INFO	2024/06/06 11:52:20 [::1]:60326 HTTP/1.1 GET /login
INFO	2024/06/06 11:52:30 [::1]:60326 HTTP/1.1 POST /login
INFO	2024/06/06 11:52:30 [::1]:60326 HTTP/1.1 GET /
INFO	2024/06/06 11:52:58 [::1]:60326 HTTP/1.1 POST /login
INFO	2024/06/06 11:52:58 [::1]:60326 HTTP/1.1 GET /
INFO	2024/06/06 12:06:28 [::1]:60382 HTTP/1.1 GET /
INFO	2024/06/06 12:10:21 [::1]:60382 HTTP/1.1 POST /tasks
INFO	2024/06/06 12:10:50 [::1]:60382 HTTP/1.1 POST /tasks
INFO	2024/06/06 12:15:03 [::1]:60382 HTTP/1.1 POST /tasks
INFO	2024/06/06 12:15:37 [::1]:60382 HTTP/1.1 POST /tasks
INFO	2024/06/06 12:15:42 [::1]:60382 HTTP/1.1 GET /tasks
INFO	2024/06/06 12:24:03 [::1]:60864 HTTP/1.1 POST /tasks
INFO	2024/06/06 12:24:03 [::1]:60864 HTTP/1.1 GET /static/css/main.css
INFO	2024/06/06 12:36:37 connection is established
INFO	2024/06/06 12:36:37 Starting server on :4000
INFO	2024/06/06 12:36:49 [::1]:61231 HTTP/1.1 POST /tasks
INFO	2024/06/06 12:58:25 connection is established
INFO	2024/06/06 12:58:25 Starting server on :4000
INFO	2024/06/06 12:58:34 [::1]:61540 HTTP/1.1 POST /tasks
INFO	2024/06/06 12:58:47 [::1]:61541 HTTP/1.1 GET /
INFO	2024/06/06 12:58:47 [::1]:61545 HTTP/1.1 GET /
INFO	2024/06/06 12:58:47 [::1]:61546 HTTP/1.1 GET /
INFO	2024/06/06 12:58:48 [::1]:61547 HTTP/1.1 GET /
INFO	2024/06/06 12:58:48 [::1]:61548 HTTP/1.1 GET /
INFO	2024/06/06 12:58:48 [::1]:61549 HTTP/1.1 GET /
INFO	2024/06/06 12:58:52 [::1]:61550 HTTP/1.1 GET /login
INFO	2024/06/06 12:58:53 [::1]:61551 HTTP/1.1 GET /login
INFO	2024/06/06 12:58:53 [::1]:61552 HTTP/1.1 GET /login
INFO	2024/06/06 12:58:53 [::1]:61553 HTTP/1.1 GET /login
INFO	2024/06/06 12:58:58 [::1]:61554 HTTP/1.1 GET /login
INFO	2024/06/06 12:59:17 [::1]:61555 HTTP/1.1 GET /login
INFO	2024/06/06 12:59:17 [::1]:61556 HTTP/1.1 GET /login
INFO	2024/06/06 12:59:47 [::1]:61557 HTTP/1.1 GET /login
INFO	2024/06/06 13:00:30 connection is established
INFO	2024/06/06 13:00:30 Starting server on :4000
INFO	2024/06/06 13:00:37 [::1]:61566 HTTP/1.1 GET /login
INFO	2024/06/06 13:01:38 connection is established
INFO	2024/06/06 13:01:38 Starting server on :4000
INFO	2024/06/06 13:01:45 [::1]:61579 HTTP/1.1 GET /login
INFO	2024/06/06 13:01:46 [::1]:61578 HTTP/1.1 GET /login
INFO	2024/06/06 13:01:46 [::1]:61580 HTTP/1.1 GET /login
INFO	2024/06/06 13:01:51 [::1]:61581 HTTP/1.1 GET /login
INFO	2024/06/06 13:02:21 [::1]:61582 HTTP/1.1 GET /login
INFO	2024/06/06 13:02:21 [::1]:61585 HTTP/1.1 GET /login
INFO	2024/06/06 13:03:01 connection is established
INFO	2024/06/06 13:03:01 Starting server on :4000
INFO	2024/06/06 13:03:09 [::1]:61593 HTTP/1.1 GET /login
INFO	2024/06/06 14:22:26 connection is established
INFO	2024/06/06 14:22:26 Starting server on :4000
INFO	2024/06/06 14:22:47 [::1]:61736 HTTP/1.1 GET /login
INFO	2024/06/06 14:22:48 [::1]:61737 HTTP/1.1 GET /login
INFO	2024/06/06 14:22:48 [::1]:61738 HTTP/1.1 GET /login
INFO	2024/06/06 14:22:48 [::1]:61739 HTTP/1.1 GET /login
INFO	2024/06/06 14:22:52 [::1]:61741 HTTP/1.1 GET /
INFO	2024/06/06 14:22:52 [::1]:61742 HTTP/1.1 GET /
INFO	2024/06/06 14:22:53 [::1]:61743 HTTP/1.1 GET /
INFO	2024/06/06 14:22:53 [::1]:61744 HTTP/1.1 GET /
INFO	2024/06/06 14:22:53 [::1]:61745 HTTP/1.1 GET /
INFO	2024/06/06 14:22:58 [::1]:61746 HTTP/1.1 GET /
INFO	2024/06/06 14:23:29 [::1]:61747 HTTP/1.1 GET /
INFO	2024/06/06 14:23:29 [::1]:61749 HTTP/1.1 GET /
INFO	2024/06/06 14:24:17 connection is established
INFO	2024/06/06 14:24:17 Starting server on :4000
INFO	2024/06/06 14:30:41 connection is established
INFO	2024/06/06 14:30:41 Starting server on :4000
INFO	2024/06/06 14:30:48 [::1]:61788 HTTP/1.1 GET /
INFO	2024/06/06 14:32:38 connection is established
INFO	2024/06/06 14:32:38 Starting server on :4000
INFO	2024/06/06 14:32:46 [::1]:61800 HTTP/1.1 GET /
INFO	2024/06/06 14:34:33 connection is established
INFO	2024/06/06 14:34:33 Starting server on :4000
INFO	2024/06/06 14:35:51 connection is established
INFO	2024/06/06 14:35:51 Starting server on :4000
INFO	2024/06/06 14:36:50 connection is established
INFO	2024/06/06 14:36:50 Starting server on :4000
INFO	2024/06/06 14:36:57 [::1]:61828 HTTP/1.1 GET /
INFO	2024/06/06 14:37:51 connection is established
INFO	2024/06/06 14:37:51 Starting server on :4000
INFO	2024/06/06 14:39:18 connection is established
INFO	2024/06/06 14:39:18 Starting server on :4000
INFO	2024/06/06 14:39:27 [::1]:61850 HTTP/1.1 GET /
INFO	2024/06/06 14:41:30 connection is established
INFO	2024/06/06 14:41:30 Starting server on :4000
INFO	2024/06/06 14:41:37 [::1]:61876 HTTP/1.1 GET /
INFO	2024/06/06 14:41:37 [::1]:61876 HTTP/1.1 GET /login
INFO	2024/06/06 14:41:37 [::1]:61876 HTTP/1.1 GET /login
INFO	2024/06/06 14:41:37 [::1]:61876 HTTP/1.1 GET /login
INFO	2024/06/06 14:41:37 [::1]:61876 HTTP/1.1 GET /login
INFO	2024/06/06 14:41:37 [::1]:61876 HTTP/1.1 GET /login
INFO	2024/06/06 14:41:37 [::1]:61876 HTTP/1.1 GET /login
INFO	2024/06/06 14:41:37 [::1]:61876 HTTP/1.1 GET /login
INFO	2024/06/06 14:41:37 [::1]:61876 HTTP/1.1 GET /login
INFO	2024/06/06 14:41:37 [::1]:61876 HTTP/1.1 GET /login
INFO	2024/06/06 14:41:37 [::1]:61876 HTTP/1.1 GET /login
INFO	2024/06/06 14:41:37 [::1]:61876 HTTP/1.1 GET /login
INFO	2024/06/06 14:41:37 [::1]:61876 HTTP/1.1 GET /login
INFO	2024/06/06 14:41:37 [::1]:61876 HTTP/1.1 GET /login
INFO	2024/06/06 14:41:37 [::1]:61876 HTTP/1.1 GET /login
INFO	2024/06/06 14:41:37 [::1]:61876 HTTP/1.1 GET /login
INFO	2024/06/06 14:41:37 [::1]:61876 HTTP/1.1 GET /login
INFO	2024/06/06 14:41:37 [::1]:61876 HTTP/1.1 GET /login
INFO	2024/06/06 14:41:37 [::1]:61876 HTTP/1.1 GET /login
INFO	2024/06/06 14:41:37 [::1]:61876 HTTP/1.1 GET /login
INFO	2024/06/06 14:41:39 [::1]:61876 HTTP/1.1 GET /login
INFO	2024/06/06 14:41:39 [::1]:61876 HTTP/1.1 GET /login
INFO	2024/06/06 14:41:39 [::1]:61876 HTTP/1.1 GET /login
INFO	2024/06/06 14:41:39 [::1]:61876 HTTP/1.1 GET /login
INFO	2024/06/06 14:41:39 [::1]:61876 HTTP/1.1 GET /login
INFO	2024/06/06 14:41:39 [::1]:61876 HTTP/1.1 GET /login
INFO	2024/06/06 14:41:39 [::1]:61876 HTTP/1.1 GET /login
INFO	2024/06/06 14:41:39 [::1]:61876 HTTP/1.1 GET /login
INFO	2024/06/06 14:41:39 [::1]:61876 HTTP/1.1 GET /login
INFO	2024/06/06 14:41:39 [::1]:61876 HTTP/1.1 GET /login
INFO	2024/06/06 14:41:39 [::1]:61876 HTTP/1.1 GET /login
INFO	2024/06/06 14:41:39 [::1]:61876 HTTP/1.1 GET /login
INFO	2024/06/06 14:41:39 [::1]:61876 HTTP/1.1 GET /login
INFO	2024/06/06 14:41:39 [::1]:61876 HTTP/1.1 GET /login
INFO	2024/06/06 14:41:39 [::1]:61876 HTTP/1.1 GET /login
INFO	2024/06/06 14:41:39 [::1]:61876 HTTP/1.1 GET /login
INFO	2024/06/06 14:41:39 [::1]:61876 HTTP/1.1 GET /login
INFO	2024/06/06 14:41:39 [::1]:61876 HTTP/1.1 GET /login
INFO	2024/06/06 14:41:39 [::1]:61876 HTTP/1.1 GET /login
INFO	2024/06/06 14:41:39 [::1]:61876 HTTP/1.1 GET /login
INFO	2024/06/06 14:41:44 [::1]:61876 HTTP/1.1 GET /login
INFO	2024/06/06 14:41:44 [::1]:61876 HTTP/1.1 GET /login
INFO	2024/06/06 14:41:44 [::1]:61876 HTTP/1.1 GET /login
INFO	2024/06/06 14:41:44 [::1]:61876 HTTP/1.1 GET /login
INFO	2024/06/06 14:41:44 [::1]:61876 HTTP/1.1 GET /login
INFO	2024/06/06 14:41:44 [::1]:61876 HTTP/1.1 GET /login
INFO	2024/06/06 14:41:44 [::1]:61876 HTTP/1.1 GET /login
INFO	2024/06/06 14:41:44 [::1]:61876 HTTP/1.1 GET /login
INFO	2024/06/06 14:41:44 [::1]:61876 HTTP/1.1 GET /login
INFO	2024/06/06 14:41:44 [::1]:61876 HTTP/1.1 GET /login
INFO	2024/06/06 14:41:44 [::1]:61876 HTTP/1.1 GET /login
INFO	2024/06/06 14:41:44 [::1]:61876 HTTP/1.1 GET /login
INFO	2024/06/06 14:41:44 [::1]:61876 HTTP/1.1 GET /login
INFO	2024/06/06 14:41:44 [::1]:61876 HTTP/1.1 GET /login
INFO	2024/06/06 14:41:44 [::1]:61876 HTTP/1.1 GET /login
INFO	2024/06/06 14:41:44 [::1]:61876 HTTP/1.1 GET /login
INFO	2024/06/06 14:41:44 [::1]:61876 HTTP/1.1 GET /login
INFO	2024/06/06 14:41:44 [::1]:61876 HTTP/1.1 GET /login
INFO	2024/06/06 14:41:44 [::1]:61876 HTTP/1.1 GET /login
INFO	2024/06/06 14:41:44 [::1]:61876 HTTP/1.1 GET /login
INFO	2024/06/06 14:42:40 connection is established
INFO	2024/06/06 14:42:40 Starting server on :4000
INFO	2024/06/06 14:42:50 [::1]:61903 HTTP/1.1 GET /login
INFO	2024/06/06 14:42:50 [::1]:61903 HTTP/1.1 GET /login
INFO	2024/06/06 14:42:50 [::1]:61903 HTTP/1.1 GET /login
INFO	2024/06/06 14:42:50 [::1]:61903 HTTP/1.1 GET /login
INFO	2024/06/06 14:42:50 [::1]:61903 HTTP/1.1 GET /login
INFO	2024/06/06 14:42:50 [::1]:61903 HTTP/1.1 GET /login
INFO	2024/06/06 14:42:50 [::1]:61903 HTTP/1.1 GET /login
INFO	2024/06/06 14:42:50 [::1]:61903 HTTP/1.1 GET /login
INFO	2024/06/06 14:42:50 [::1]:61903 HTTP/1.1 GET /login
INFO	2024/06/06 14:42:50 [::1]:61903 HTTP/1.1 GET /login
INFO	2024/06/06 14:42:50 [::1]:61903 HTTP/1.1 GET /login
INFO	2024/06/06 14:42:50 [::1]:61903 HTTP/1.1 GET /login
INFO	2024/06/06 14:42:50 [::1]:61903 HTTP/1.1 GET /login
INFO	2024/06/06 14:42:50 [::1]:61903 HTTP/1.1 GET /login
INFO	2024/06/06 14:42:50 [::1]:61903 HTTP/1.1 GET /login
INFO	2024/06/06 14:42:50 [::1]:61903 HTTP/1.1 GET /login
INFO	2024/06/06 14:42:50 [::1]:61903 HTTP/1.1 GET /login
INFO	2024/06/06 14:42:50 [::1]:61903 HTTP/1.1 GET /login
INFO	2024/06/06 14:42:50 [::1]:61903 HTTP/1.1 GET /login
INFO	2024/06/06 14:42:50 [::1]:61903 HTTP/1.1 GET /login
INFO	2024/06/06 14:42:51 [::1]:61903 HTTP/1.1 GET /login
INFO	2024/06/06 14:42:51 [::1]:61903 HTTP/1.1 GET /login
INFO	2024/06/06 14:42:51 [::1]:61903 HTTP/1.1 GET /login
INFO	2024/06/06 14:42:51 [::1]:61903 HTTP/1.1 GET /login
INFO	2024/06/06 14:42:51 [::1]:61903 HTTP/1.1 GET /login
INFO	2024/06/06 14:42:51 [::1]:61903 HTTP/1.1 GET /login
INFO	2024/06/06 14:42:51 [::1]:61903 HTTP/1.1 GET /login
INFO	2024/06/06 14:42:51 [::1]:61903 HTTP/1.1 GET /login
INFO	2024/06/06 14:42:51 [::1]:61903 HTTP/1.1 GET /login
INFO	2024/06/06 14:42:51 [::1]:61903 HTTP/1.1 GET /login
INFO	2024/06/06 14:42:51 [::1]:61903 HTTP/1.1 GET /login
INFO	2024/06/06 14:42:51 [::1]:61903 HTTP/1.1 GET /login
INFO	2024/06/06 14:42:51 [::1]:61903 HTTP/1.1 GET /login
INFO	2024/06/06 14:42:51 [::1]:61903 HTTP/1.1 GET /login
INFO	2024/06/06 14:42:51 [::1]:61903 HTTP/1.1 GET /login
INFO	2024/06/06 14:42:51 [::1]:61903 HTTP/1.1 GET /login
INFO	2024/06/06 14:42:51 [::1]:61903 HTTP/1.1 GET /login
INFO	2024/06/06 14:42:51 [::1]:61903 HTTP/1.1 GET /login
INFO	2024/06/06 14:42:51 [::1]:61903 HTTP/1.1 GET /login
INFO	2024/06/06 14:42:51 [::1]:61903 HTTP/1.1 GET /login
INFO	2024/06/06 14:42:56 [::1]:61903 HTTP/1.1 GET /login
INFO	2024/06/06 14:42:56 [::1]:61903 HTTP/1.1 GET /login
INFO	2024/06/06 14:42:56 [::1]:61903 HTTP/1.1 GET /login
INFO	2024/06/06 14:42:56 [::1]:61903 HTTP/1.1 GET /login
INFO	2024/06/06 14:42:56 [::1]:61903 HTTP/1.1 GET /login
INFO	2024/06/06 14:42:56 [::1]:61903 HTTP/1.1 GET /login
INFO	2024/06/06 14:42:56 [::1]:61903 HTTP/1.1 GET /login
INFO	2024/06/06 14:42:57 [::1]:61903 HTTP/1.1 GET /login
INFO	2024/06/06 14:42:57 [::1]:61903 HTTP/1.1 GET /login
INFO	2024/06/06 14:42:57 [::1]:61903 HTTP/1.1 GET /login
INFO	2024/06/06 14:42:57 [::1]:61903 HTTP/1.1 GET /login
INFO	2024/06/06 14:42:57 [::1]:61903 HTTP/1.1 GET /login
INFO	2024/06/06 14:42:57 [::1]:61903 HTTP/1.1 GET /login
INFO	2024/06/06 14:42:57 [::1]:61903 HTTP/1.1 GET /login
INFO	2024/06/06 14:42:57 [::1]:61903 HTTP/1.1 GET /login
INFO	2024/06/06 14:42:57 [::1]:61903 HTTP/1.1 GET /login
INFO	2024/06/06 14:42:57 [::1]:61903 HTTP/1.1 GET /login
INFO	2024/06/06 14:42:57 [::1]:61903 HTTP/1.1 GET /login
INFO	2024/06/06 14:42:57 [::1]:61903 HTTP/1.1 GET /login
INFO	2024/06/06 14:42:57 [::1]:61903 HTTP/1.1 GET /login
INFO	2024/06/06 14:44:27 connection is established
INFO	2024/06/06 14:44:27 Starting server on :4000
INFO	2024/06/06 14:44:34 [::1]:61938 HTTP/1.1 GET /login
INFO	2024/06/06 14:46:27 connection is established
INFO	2024/06/06 14:46:27 Starting server on :4000
INFO	2024/06/06 14:47:38 connection is established
INFO	2024/06/06 14:47:38 Starting server on :4000
INFO	2024/06/06 14:49:55 connection is established
INFO	2024/06/06 14:49:55 Starting server on :4000
INFO	2024/06/06 15:22:48 connection is established
INFO	2024/06/06 15:22:48 Starting server on :4000
INFO	2024/06/06 15:22:55 [::1]:62158 HTTP/1.1 GET /static/
INFO	2024/06/06 15:22:59 [::1]:62158 HTTP/1.1 GET /
INFO	2024/06/06 15:22:59 [::1]:62158 HTTP/1.1 GET /static/css/main.css
INFO	2024/06/06 15:23:09 [::1]:62158 HTTP/1.1 GET /login
INFO	2024/06/06 15:23:19 [::1]:62158 HTTP/1.1 POST /login
INFO	2024/06/06 15:23:19 [::1]:62158 HTTP/1.1 GET /
INFO	2024/06/06 15:26:45 connection is established
INFO	2024/06/06 15:26:45 Starting server on :4000
INFO	2024/06/06 15:26:53 [::1]:62190 HTTP/1.1 GET /
INFO	2024/06/06 15:26:53 [::1]:62190 HTTP/1.1 GET /login
INFO	2024/06/06 15:26:53 [::1]:62190 HTTP/1.1 GET /login
INFO	2024/06/06 15:26:53 [::1]:62190 HTTP/1.1 GET /login
INFO	2024/06/06 15:26:53 [::1]:62190 HTTP/1.1 GET /login
INFO	2024/06/06 15:26:53 [::1]:62190 HTTP/1.1 GET /login
INFO	2024/06/06 15:26:53 [::1]:62190 HTTP/1.1 GET /login
INFO	2024/06/06 15:26:53 [::1]:62190 HTTP/1.1 GET /login
INFO	2024/06/06 15:26:53 [::1]:62190 HTTP/1.1 GET /login
INFO	2024/06/06 15:26:53 [::1]:62190 HTTP/1.1 GET /login
INFO	2024/06/06 15:26:53 [::1]:62190 HTTP/1.1 GET /login
INFO	2024/06/06 15:26:53 [::1]:62190 HTTP/1.1 GET /login
INFO	2024/06/06 15:26:53 [::1]:62190 HTTP/1.1 GET /login
INFO	2024/06/06 15:26:53 [::1]:62190 HTTP/1.1 GET /login
INFO	2024/06/06 15:26:53 [::1]:62190 HTTP/1.1 GET /login
INFO	2024/06/06 15:26:53 [::1]:62190 HTTP/1.1 GET /login
INFO	2024/06/06 15:26:53 [::1]:62190 HTTP/1.1 GET /login
INFO	2024/06/06 15:26:53 [::1]:62190 HTTP/1.1 GET /login
INFO	2024/06/06 15:26:53 [::1]:62190 HTTP/1.1 GET /login
INFO	2024/06/06 15:26:53 [::1]:62190 HTTP/1.1 GET /login
INFO	2024/06/06 15:26:54 [::1]:62190 HTTP/1.1 GET /login
INFO	2024/06/06 15:26:54 [::1]:62190 HTTP/1.1 GET /login
INFO	2024/06/06 15:26:54 [::1]:62190 HTTP/1.1 GET /login
INFO	2024/06/06 15:26:54 [::1]:62190 HTTP/1.1 GET /login
INFO	2024/06/06 15:26:54 [::1]:62190 HTTP/1.1 GET /login
INFO	2024/06/06 15:26:54 [::1]:62190 HTTP/1.1 GET /login
INFO	2024/06/06 15:26:54 [::1]:62190 HTTP/1.1 GET /login
INFO	2024/06/06 15:26:54 [::1]:62190 HTTP/1.1 GET /login
INFO	2024/06/06 15:26:54 [::1]:62190 HTTP/1.1 GET /login
INFO	2024/06/06 15:26:54 [::1]:62190 HTTP/1.1 GET /login
INFO	2024/06/06 15:26:54 [::1]:62190 HTTP/1.1 GET /login
INFO	2024/06/06 15:26:54 [::1]:62190 HTTP/1.1 GET /login
INFO	2024/06/06 15:26:54 [::1]:62190 HTTP/1.1 GET /login
INFO	2024/06/06 15:26:54 [::1]:62190 HTTP/1.1 GET /login
INFO	2024/06/06 15:26:54 [::1]:62190 HTTP/1.1 GET /login
INFO	2024/06/06 15:26:54 [::1]:62190 HTTP/1.1 GET /login
INFO	2024/06/06 15:26:54 [::1]:62190 HTTP/1.1 GET /login
INFO	2024/06/06 15:26:54 [::1]:62190 HTTP/1.1 GET /login
INFO	2024/06/06 15:26:54 [::1]:62190 HTTP/1.1 GET /login
INFO	2024/06/06 15:26:54 [::1]:62190 HTTP/1.1 GET /login
INFO	2024/06/06 15:28:17 connection is established
INFO	2024/06/06 15:28:17 Starting server on :4000
INFO	2024/06/06 15:28:28 [::1]:62234 HTTP/1.1 GET /login
INFO	2024/06/06 15:28:35 [::1]:62234 HTTP/1.1 GET /
INFO	2024/06/06 15:29:30 connection is established
INFO	2024/06/06 15:29:30 Starting server on :4000
INFO	2024/06/06 15:29:38 [::1]:62244 HTTP/1.1 GET /
INFO	2024/06/06 15:29:39 [::1]:62244 HTTP/1.1 GET /
INFO	2024/06/06 15:29:39 [::1]:62244 HTTP/1.1 GET /
INFO	2024/06/06 15:29:39 [::1]:62244 HTTP/1.1 GET /
INFO	2024/06/06 15:30:30 connection is established
INFO	2024/06/06 15:30:30 Starting server on :4000
INFO	2024/06/06 15:30:36 [::1]:62257 HTTP/1.1 GET /
INFO	2024/06/06 15:31:04 connection is established
INFO	2024/06/06 15:31:04 Starting server on :4000
INFO	2024/06/06 15:31:10 [::1]:62268 HTTP/1.1 GET /
INFO	2024/06/06 15:31:46 connection is established
INFO	2024/06/06 15:31:46 Starting server on :4000
INFO	2024/06/06 15:31:52 [::1]:62282 HTTP/1.1 GET /
INFO	2024/06/06 15:32:25 connection is established
INFO	2024/06/06 15:32:25 Starting server on :4000
INFO	2024/06/06 15:32:40 [::1]:62303 HTTP/1.1 GET /
INFO	2024/06/06 15:33:34 connection is established
INFO	2024/06/06 15:33:34 Starting server on :4000
INFO	2024/06/06 15:33:52 [::1]:62318 HTTP/1.1 GET /
INFO	2024/06/06 15:34:58 connection is established
INFO	2024/06/06 15:34:58 Starting server on :4000
INFO	2024/06/06 15:35:06 [::1]:62334 HTTP/1.1 GET /
INFO	2024/06/06 15:35:06 [::1]:62334 HTTP/1.1 GET /login
INFO	2024/06/06 15:35:06 [::1]:62334 HTTP/1.1 GET /login
INFO	2024/06/06 15:35:06 [::1]:62334 HTTP/1.1 GET /login
INFO	2024/06/06 15:35:06 [::1]:62334 HTTP/1.1 GET /login
INFO	2024/06/06 15:35:06 [::1]:62334 HTTP/1.1 GET /login
INFO	2024/06/06 15:35:06 [::1]:62334 HTTP/1.1 GET /login
INFO	2024/06/06 15:35:06 [::1]:62334 HTTP/1.1 GET /login
INFO	2024/06/06 15:35:06 [::1]:62334 HTTP/1.1 GET /login
INFO	2024/06/06 15:35:06 [::1]:62334 HTTP/1.1 GET /login
INFO	2024/06/06 15:35:06 [::1]:62334 HTTP/1.1 GET /login
INFO	2024/06/06 15:35:06 [::1]:62334 HTTP/1.1 GET /login
INFO	2024/06/06 15:35:06 [::1]:62334 HTTP/1.1 GET /login
INFO	2024/06/06 15:35:07 [::1]:62334 HTTP/1.1 GET /login
INFO	2024/06/06 15:35:07 [::1]:62334 HTTP/1.1 GET /login
INFO	2024/06/06 15:35:07 [::1]:62334 HTTP/1.1 GET /login
INFO	2024/06/06 15:35:07 [::1]:62334 HTTP/1.1 GET /login
INFO	2024/06/06 15:35:07 [::1]:62334 HTTP/1.1 GET /login
INFO	2024/06/06 15:35:07 [::1]:62334 HTTP/1.1 GET /login
INFO	2024/06/06 15:35:07 [::1]:62334 HTTP/1.1 GET /login
INFO	2024/06/06 15:35:08 [::1]:62334 HTTP/1.1 GET /login
INFO	2024/06/06 15:35:08 [::1]:62334 HTTP/1.1 GET /login
INFO	2024/06/06 15:35:08 [::1]:62334 HTTP/1.1 GET /login
INFO	2024/06/06 15:35:08 [::1]:62334 HTTP/1.1 GET /login
INFO	2024/06/06 15:35:08 [::1]:62334 HTTP/1.1 GET /login
INFO	2024/06/06 15:35:08 [::1]:62334 HTTP/1.1 GET /login
INFO	2024/06/06 15:35:08 [::1]:62334 HTTP/1.1 GET /login
INFO	2024/06/06 15:35:08 [::1]:62334 HTTP/1.1 GET /login
INFO	2024/06/06 15:35:08 [::1]:62334 HTTP/1.1 GET /login
INFO	2024/06/06 15:35:08 [::1]:62334 HTTP/1.1 GET /login
INFO	2024/06/06 15:35:08 [::1]:62334 HTTP/1.1 GET /login
INFO	2024/06/06 15:35:08 [::1]:62334 HTTP/1.1 GET /login
INFO	2024/06/06 15:35:08 [::1]:62334 HTTP/1.1 GET /login
INFO	2024/06/06 15:35:08 [::1]:62334 HTTP/1.1 GET /login
INFO	2024/06/06 15:35:08 [::1]:62334 HTTP/1.1 GET /login
INFO	2024/06/06 15:35:08 [::1]:62334 HTTP/1.1 GET /login
INFO	2024/06/06 15:35:08 [::1]:62334 HTTP/1.1 GET /login
INFO	2024/06/06 15:35:08 [::1]:62334 HTTP/1.1 GET /login
INFO	2024/06/06 15:35:08 [::1]:62334 HTTP/1.1 GET /login
INFO	2024/06/06 15:35:08 [::1]:62334 HTTP/1.1 GET /login
INFO	2024/06/06 15:35:13 [::1]:62334 HTTP/1.1 GET /login
INFO	2024/06/06 15:35:13 [::1]:62334 HTTP/1.1 GET /login
INFO	2024/06/06 15:35:13 [::1]:62334 HTTP/1.1 GET /login
INFO	2024/06/06 15:35:13 [::1]:62334 HTTP/1.1 GET /login
INFO	2024/06/06 15:35:13 [::1]:62334 HTTP/1.1 GET /login
INFO	2024/06/06 15:35:13 [::1]:62334 HTTP/1.1 GET /login
INFO	2024/06/06 15:35:13 [::1]:62334 HTTP/1.1 GET /login
INFO	2024/06/06 15:35:13 [::1]:62334 HTTP/1.1 GET /login
INFO	2024/06/06 15:35:13 [::1]:62334 HTTP/1.1 GET /login
INFO	2024/06/06 15:35:13 [::1]:62334 HTTP/1.1 GET /login
INFO	2024/06/06 15:35:13 [::1]:62334 HTTP/1.1 GET /login
INFO	2024/06/06 15:35:13 [::1]:62334 HTTP/1.1 GET /login
INFO	2024/06/06 15:35:13 [::1]:62334 HTTP/1.1 GET /login
INFO	2024/06/06 15:35:13 [::1]:62334 HTTP/1.1 GET /login
INFO	2024/06/06 15:35:13 [::1]:62334 HTTP/1.1 GET /login
INFO	2024/06/06 15:35:13 [::1]:62334 HTTP/1.1 GET /login
INFO	2024/06/06 15:35:13 [::1]:62334 HTTP/1.1 GET /login
INFO	2024/06/06 15:35:13 [::1]:62334 HTTP/1.1 GET /login
INFO	2024/06/06 15:35:13 [::1]:62334 HTTP/1.1 GET /login
INFO	2024/06/06 15:35:13 [::1]:62334 HTTP/1.1 GET /login
INFO	2024/06/06 15:35:43 [::1]:62334 HTTP/1.1 GET /login
INFO	2024/06/06 15:35:43 [::1]:62334 HTTP/1.1 GET /login
INFO	2024/06/06 15:35:43 [::1]:62334 HTTP/1.1 GET /login
INFO	2024/06/06 15:35:43 [::1]:62334 HTTP/1.1 GET /login
INFO	2024/06/06 15:35:43 [::1]:62334 HTTP/1.1 GET /login
INFO	2024/06/06 15:35:43 [::1]:62334 HTTP/1.1 GET /login
INFO	2024/06/06 15:35:43 [::1]:62334 HTTP/1.1 GET /login
INFO	2024/06/06 15:35:43 [::1]:62334 HTTP/1.1 GET /login
INFO	2024/06/06 15:35:43 [::1]:62334 HTTP/1.1 GET /login
INFO	2024/06/06 15:35:43 [::1]:62334 HTTP/1.1 GET /login
INFO	2024/06/06 15:35:43 [::1]:62334 HTTP/1.1 GET /login
INFO	2024/06/06 15:35:43 [::1]:62334 HTTP/1.1 GET /login
INFO	2024/06/06 15:35:43 [::1]:62334 HTTP/1.1 GET /login
INFO	2024/06/06 15:35:43 [::1]:62334 HTTP/1.1 GET /login
INFO	2024/06/06 15:35:43 [::1]:62334 HTTP/1.1 GET /login
INFO	2024/06/06 15:35:43 [::1]:62334 HTTP/1.1 GET /login
INFO	2024/06/06 15:35:43 [::1]:62334 HTTP/1.1 GET /login
INFO	2024/06/06 15:35:43 [::1]:62334 HTTP/1.1 GET /login
INFO	2024/06/06 15:35:43 [::1]:62334 HTTP/1.1 GET /login
INFO	2024/06/06 15:35:43 [::1]:62334 HTTP/1.1 GET /login
INFO	2024/06/06 15:36:43 [::1]:62334 HTTP/1.1 GET /login
INFO	2024/06/06 15:36:43 [::1]:62334 HTTP/1.1 GET /login
INFO	2024/06/06 15:36:43 [::1]:62334 HTTP/1.1 GET /login
INFO	2024/06/06 15:36:43 [::1]:62334 HTTP/1.1 GET /login
INFO	2024/06/06 15:36:43 [::1]:62334 HTTP/1.1 GET /login
INFO	2024/06/06 15:36:43 [::1]:62334 HTTP/1.1 GET /login
INFO	2024/06/06 15:36:43 [::1]:62334 HTTP/1.1 GET /login
INFO	2024/06/06 15:36:43 [::1]:62334 HTTP/1.1 GET /login
INFO	2024/06/06 15:36:43 [::1]:62334 HTTP/1.1 GET /login
INFO	2024/06/06 15:36:43 [::1]:62334 HTTP/1.1 GET /login
INFO	2024/06/06 15:36:43 [::1]:62334 HTTP/1.1 GET /login
INFO	2024/06/06 15:36:43 [::1]:62334 HTTP/1.1 GET /login
INFO	2024/06/06 15:36:43 [::1]:62334 HTTP/1.1 GET /login
INFO	2024/06/06 15:36:43 [::1]:62334 HTTP/1.1 GET /login
INFO	2024/06/06 15:36:43 [::1]:62334 HTTP/1.1 GET /login
INFO	2024/06/06 15:36:43 [::1]:62334 HTTP/1.1 GET /login
INFO	2024/06/06 15:36:43 [::1]:62334 HTTP/1.1 GET /login
INFO	2024/06/06 15:36:43 [::1]:62334 HTTP/1.1 GET /login
INFO	2024/06/06 15:36:43 [::1]:62334 HTTP/1.1 GET /login
INFO	2024/06/06 15:36:43 [::1]:62334 HTTP/1.1 GET /login
INFO	2024/06/06 15:37:56 connection is established
INFO	2024/06/06 15:37:56 Starting server on :4000
INFO	2024/06/06 15:40:50 connection is established
INFO	2024/06/06 15:40:50 Starting server on :4000
INFO	2024/06/06 15:40:58 [::1]:62367 HTTP/1.1 GET /login
INFO	2024/06/06 15:40:58 [::1]:62367 HTTP/1.1 GET /login
INFO	2024/06/06 15:40:58 [::1]:62367 HTTP/1.1 GET /login
INFO	2024/06/06 15:40:58 [::1]:62367 HTTP/1.1 GET /login
INFO	2024/06/06 15:40:58 [::1]:62367 HTTP/1.1 GET /login
INFO	2024/06/06 15:40:58 [::1]:62367 HTTP/1.1 GET /login
INFO	2024/06/06 15:40:58 [::1]:62367 HTTP/1.1 GET /login
INFO	2024/06/06 15:40:58 [::1]:62367 HTTP/1.1 GET /login
INFO	2024/06/06 15:40:58 [::1]:62367 HTTP/1.1 GET /login
INFO	2024/06/06 15:40:58 [::1]:62367 HTTP/1.1 GET /login
INFO	2024/06/06 15:40:58 [::1]:62367 HTTP/1.1 GET /login
INFO	2024/06/06 15:40:58 [::1]:62367 HTTP/1.1 GET /login
INFO	2024/06/06 15:40:58 [::1]:62367 HTTP/1.1 GET /login
INFO	2024/06/06 15:40:58 [::1]:62367 HTTP/1.1 GET /login
INFO	2024/06/06 15:40:58 [::1]:62367 HTTP/1.1 GET /login
INFO	2024/06/06 15:40:58 [::1]:62367 HTTP/1.1 GET /login
INFO	2024/06/06 15:40:58 [::1]:62367 HTTP/1.1 GET /login
INFO	2024/06/06 15:40:58 [::1]:62367 HTTP/1.1 GET /login
INFO	2024/06/06 15:40:58 [::1]:62367 HTTP/1.1 GET /login
INFO	2024/06/06 15:40:58 [::1]:62367 HTTP/1.1 GET /login
INFO	2024/06/06 15:43:17 connection is established
INFO	2024/06/06 15:43:17 Starting server on :4000
INFO	2024/06/06 15:43:26 [::1]:62376 HTTP/1.1 GET /login
INFO	2024/06/06 15:43:26 [::1]:62376 HTTP/1.1 GET /login
INFO	2024/06/06 15:43:26 [::1]:62376 HTTP/1.1 GET /login
INFO	2024/06/06 15:43:26 [::1]:62376 HTTP/1.1 GET /login
INFO	2024/06/06 15:43:26 [::1]:62376 HTTP/1.1 GET /login
INFO	2024/06/06 15:43:26 [::1]:62376 HTTP/1.1 GET /login
INFO	2024/06/06 15:43:26 [::1]:62376 HTTP/1.1 GET /login
INFO	2024/06/06 15:43:26 [::1]:62376 HTTP/1.1 GET /login
INFO	2024/06/06 15:43:26 [::1]:62376 HTTP/1.1 GET /login
INFO	2024/06/06 15:43:26 [::1]:62376 HTTP/1.1 GET /login
INFO	2024/06/06 15:43:26 [::1]:62376 HTTP/1.1 GET /login
INFO	2024/06/06 15:43:26 [::1]:62376 HTTP/1.1 GET /login
INFO	2024/06/06 15:43:26 [::1]:62376 HTTP/1.1 GET /login
INFO	2024/06/06 15:43:26 [::1]:62376 HTTP/1.1 GET /login
INFO	2024/06/06 15:43:26 [::1]:62376 HTTP/1.1 GET /login
INFO	2024/06/06 15:43:26 [::1]:62376 HTTP/1.1 GET /login
INFO	2024/06/06 15:43:26 [::1]:62376 HTTP/1.1 GET /login
INFO	2024/06/06 15:43:26 [::1]:62376 HTTP/1.1 GET /login
INFO	2024/06/06 15:43:26 [::1]:62376 HTTP/1.1 GET /login
INFO	2024/06/06 15:43:26 [::1]:62376 HTTP/1.1 GET /login
INFO	2024/06/06 15:45:12 connection is established
INFO	2024/06/06 15:45:12 Starting server on :4000
INFO	2024/06/06 15:45:19 [::1]:62389 HTTP/1.1 GET /login
INFO	2024/06/06 15:45:29 [::1]:62389 HTTP/1.1 GET /
INFO	2024/06/06 15:45:53 connection is established
INFO	2024/06/06 15:45:53 Starting server on :4000
INFO	2024/06/06 15:46:01 [::1]:62396 HTTP/1.1 GET /
INFO	2024/06/06 15:46:01 [::1]:62396 HTTP/1.1 GET /login
INFO	2024/06/06 15:46:01 [::1]:62396 HTTP/1.1 GET /login
INFO	2024/06/06 15:46:01 [::1]:62396 HTTP/1.1 GET /login
INFO	2024/06/06 15:46:01 [::1]:62396 HTTP/1.1 GET /login
INFO	2024/06/06 15:46:01 [::1]:62396 HTTP/1.1 GET /login
INFO	2024/06/06 15:46:01 [::1]:62396 HTTP/1.1 GET /login
INFO	2024/06/06 15:46:01 [::1]:62396 HTTP/1.1 GET /login
INFO	2024/06/06 15:46:01 [::1]:62396 HTTP/1.1 GET /login
INFO	2024/06/06 15:46:01 [::1]:62396 HTTP/1.1 GET /login
INFO	2024/06/06 15:46:01 [::1]:62396 HTTP/1.1 GET /login
INFO	2024/06/06 15:46:01 [::1]:62396 HTTP/1.1 GET /login
INFO	2024/06/06 15:46:01 [::1]:62396 HTTP/1.1 GET /login
INFO	2024/06/06 15:46:01 [::1]:62396 HTTP/1.1 GET /login
INFO	2024/06/06 15:46:01 [::1]:62396 HTTP/1.1 GET /login
INFO	2024/06/06 15:46:01 [::1]:62396 HTTP/1.1 GET /login
INFO	2024/06/06 15:46:01 [::1]:62396 HTTP/1.1 GET /login
INFO	2024/06/06 15:46:01 [::1]:62396 HTTP/1.1 GET /login
INFO	2024/06/06 15:46:01 [::1]:62396 HTTP/1.1 GET /login
INFO	2024/06/06 15:46:01 [::1]:62396 HTTP/1.1 GET /login
INFO	2024/06/06 15:46:02 [::1]:62396 HTTP/1.1 GET /login
INFO	2024/06/06 15:46:02 [::1]:62396 HTTP/1.1 GET /login
INFO	2024/06/06 15:46:02 [::1]:62396 HTTP/1.1 GET /login
INFO	2024/06/06 15:46:02 [::1]:62396 HTTP/1.1 GET /login
INFO	2024/06/06 15:46:02 [::1]:62396 HTTP/1.1 GET /login
INFO	2024/06/06 15:46:02 [::1]:62396 HTTP/1.1 GET /login
INFO	2024/06/06 15:46:02 [::1]:62396 HTTP/1.1 GET /login
INFO	2024/06/06 15:46:02 [::1]:62396 HTTP/1.1 GET /login
INFO	2024/06/06 15:46:02 [::1]:62396 HTTP/1.1 GET /login
INFO	2024/06/06 15:46:02 [::1]:62396 HTTP/1.1 GET /login
INFO	2024/06/06 15:46:02 [::1]:62396 HTTP/1.1 GET /login
INFO	2024/06/06 15:46:02 [::1]:62396 HTTP/1.1 GET /login
INFO	2024/06/06 15:46:02 [::1]:62396 HTTP/1.1 GET /login
INFO	2024/06/06 15:46:02 [::1]:62396 HTTP/1.1 GET /login
INFO	2024/06/06 15:46:02 [::1]:62396 HTTP/1.1 GET /login
INFO	2024/06/06 15:46:02 [::1]:62396 HTTP/1.1 GET /login
INFO	2024/06/06 15:46:02 [::1]:62396 HTTP/1.1 GET /login
INFO	2024/06/06 15:46:02 [::1]:62396 HTTP/1.1 GET /login
INFO	2024/06/06 15:46:02 [::1]:62396 HTTP/1.1 GET /login
INFO	2024/06/06 15:46:02 [::1]:62396 HTTP/1.1 GET /login
INFO	2024/06/06 15:48:26 connection is established
INFO	2024/06/06 15:48:26 Starting server on :4000
INFO	2024/06/06 15:48:32 [::1]:62474 HTTP/1.1 GET /
INFO	2024/06/06 15:48:32 [::1]:62474 HTTP/1.1 GET /login
INFO	2024/06/06 15:48:32 [::1]:62474 HTTP/1.1 GET /login
INFO	2024/06/06 15:48:32 [::1]:62474 HTTP/1.1 GET /login
INFO	2024/06/06 15:48:32 [::1]:62474 HTTP/1.1 GET /login
INFO	2024/06/06 15:48:32 [::1]:62474 HTTP/1.1 GET /login
INFO	2024/06/06 15:48:32 [::1]:62474 HTTP/1.1 GET /login
INFO	2024/06/06 15:48:32 [::1]:62474 HTTP/1.1 GET /login
INFO	2024/06/06 15:48:32 [::1]:62474 HTTP/1.1 GET /login
INFO	2024/06/06 15:48:32 [::1]:62474 HTTP/1.1 GET /login
INFO	2024/06/06 15:48:32 [::1]:62474 HTTP/1.1 GET /login
INFO	2024/06/06 15:48:33 [::1]:62474 HTTP/1.1 GET /login
INFO	2024/06/06 15:48:33 [::1]:62474 HTTP/1.1 GET /login
INFO	2024/06/06 15:48:33 [::1]:62474 HTTP/1.1 GET /login
INFO	2024/06/06 15:48:33 [::1]:62474 HTTP/1.1 GET /login
INFO	2024/06/06 15:48:33 [::1]:62474 HTTP/1.1 GET /login
INFO	2024/06/06 15:48:33 [::1]:62474 HTTP/1.1 GET /login
INFO	2024/06/06 15:48:33 [::1]:62474 HTTP/1.1 GET /login
INFO	2024/06/06 15:48:33 [::1]:62474 HTTP/1.1 GET /login
INFO	2024/06/06 15:48:33 [::1]:62474 HTTP/1.1 GET /login
INFO	2024/06/06 15:48:34 [::1]:62474 HTTP/1.1 GET /login
INFO	2024/06/06 15:48:34 [::1]:62474 HTTP/1.1 GET /login
INFO	2024/06/06 15:48:34 [::1]:62474 HTTP/1.1 GET /login
INFO	2024/06/06 15:48:34 [::1]:62474 HTTP/1.1 GET /login
INFO	2024/06/06 15:48:34 [::1]:62474 HTTP/1.1 GET /login
INFO	2024/06/06 15:48:34 [::1]:62474 HTTP/1.1 GET /login
INFO	2024/06/06 15:48:34 [::1]:62474 HTTP/1.1 GET /login
INFO	2024/06/06 15:48:34 [::1]:62474 HTTP/1.1 GET /login
INFO	2024/06/06 15:48:34 [::1]:62474 HTTP/1.1 GET /login
INFO	2024/06/06 15:48:34 [::1]:62474 HTTP/1.1 GET /login
INFO	2024/06/06 15:48:34 [::1]:62474 HTTP/1.1 GET /login
INFO	2024/06/06 15:48:34 [::1]:62474 HTTP/1.1 GET /login
INFO	2024/06/06 15:48:34 [::1]:62474 HTTP/1.1 GET /login
INFO	2024/06/06 15:48:34 [::1]:62474 HTTP/1.1 GET /login
INFO	2024/06/06 15:48:34 [::1]:62474 HTTP/1.1 GET /login
INFO	2024/06/06 15:48:34 [::1]:62474 HTTP/1.1 GET /login
INFO	2024/06/06 15:48:34 [::1]:62474 HTTP/1.1 GET /login
INFO	2024/06/06 15:48:34 [::1]:62474 HTTP/1.1 GET /login
INFO	2024/06/06 15:48:34 [::1]:62474 HTTP/1.1 GET /login
INFO	2024/06/06 15:48:34 [::1]:62474 HTTP/1.1 GET /login
INFO	2024/06/06 15:48:39 [::1]:62474 HTTP/1.1 GET /login
INFO	2024/06/06 15:48:39 [::1]:62474 HTTP/1.1 GET /login
INFO	2024/06/06 15:48:39 [::1]:62474 HTTP/1.1 GET /login
INFO	2024/06/06 15:48:39 [::1]:62474 HTTP/1.1 GET /login
INFO	2024/06/06 15:48:39 [::1]:62474 HTTP/1.1 GET /login
INFO	2024/06/06 15:48:39 [::1]:62474 HTTP/1.1 GET /login
INFO	2024/06/06 15:48:39 [::1]:62474 HTTP/1.1 GET /login
INFO	2024/06/06 15:48:39 [::1]:62474 HTTP/1.1 GET /login
INFO	2024/06/06 15:48:39 [::1]:62474 HTTP/1.1 GET /login
INFO	2024/06/06 15:48:39 [::1]:62474 HTTP/1.1 GET /login
INFO	2024/06/06 15:48:39 [::1]:62474 HTTP/1.1 GET /login
INFO	2024/06/06 15:48:39 [::1]:62474 HTTP/1.1 GET /login
INFO	2024/06/06 15:48:39 [::1]:62474 HTTP/1.1 GET /login
INFO	2024/06/06 15:48:39 [::1]:62474 HTTP/1.1 GET /login
INFO	2024/06/06 15:48:39 [::1]:62474 HTTP/1.1 GET /login
INFO	2024/06/06 15:48:39 [::1]:62474 HTTP/1.1 GET /login
INFO	2024/06/06 15:48:39 [::1]:62474 HTTP/1.1 GET /login
INFO	2024/06/06 15:48:39 [::1]:62474 HTTP/1.1 GET /login
INFO	2024/06/06 15:48:39 [::1]:62474 HTTP/1.1 GET /login
INFO	2024/06/06 15:48:39 [::1]:62474 HTTP/1.1 GET /login
INFO	2024/06/06 15:49:09 [::1]:62474 HTTP/1.1 GET /login
INFO	2024/06/06 15:49:09 [::1]:62474 HTTP/1.1 GET /login
INFO	2024/06/06 15:49:09 [::1]:62474 HTTP/1.1 GET /login
INFO	2024/06/06 15:49:09 [::1]:62474 HTTP/1.1 GET /login
INFO	2024/06/06 15:49:09 [::1]:62474 HTTP/1.1 GET /login
INFO	2024/06/06 15:49:09 [::1]:62474 HTTP/1.1 GET /login
INFO	2024/06/06 15:49:09 [::1]:62474 HTTP/1.1 GET /login
INFO	2024/06/06 15:49:09 [::1]:62474 HTTP/1.1 GET /login
INFO	2024/06/06 15:49:09 [::1]:62474 HTTP/1.1 GET /login
INFO	2024/06/06 15:49:09 [::1]:62474 HTTP/1.1 GET /login
INFO	2024/06/06 15:49:09 [::1]:62474 HTTP/1.1 GET /login
INFO	2024/06/06 15:49:09 [::1]:62474 HTTP/1.1 GET /login
INFO	2024/06/06 15:49:09 [::1]:62474 HTTP/1.1 GET /login
INFO	2024/06/06 15:49:09 [::1]:62474 HTTP/1.1 GET /login
INFO	2024/06/06 15:49:09 [::1]:62474 HTTP/1.1 GET /login
INFO	2024/06/06 15:49:09 [::1]:62474 HTTP/1.1 GET /login
INFO	2024/06/06 15:49:09 [::1]:62474 HTTP/1.1 GET /login
INFO	2024/06/06 15:49:09 [::1]:62474 HTTP/1.1 GET /login
INFO	2024/06/06 15:49:09 [::1]:62474 HTTP/1.1 GET /login
INFO	2024/06/06 15:49:09 [::1]:62474 HTTP/1.1 GET /login
INFO	2024/06/06 15:54:54 connection is established
INFO	2024/06/06 15:54:54 Starting server on :4000
INFO	2024/06/06 15:55:02 [::1]:62695 HTTP/1.1 GET /login
INFO	2024/06/06 15:55:08 [::1]:62695 HTTP/1.1 GET /
INFO	2024/06/06 15:55:08 [::1]:62695 HTTP/1.1 GET /login
INFO	2024/06/06 15:55:15 [::1]:62695 HTTP/1.1 POST /login
INFO	2024/06/06 15:55:15 [::1]:62695 HTTP/1.1 GET /
INFO	2024/06/06 15:55:15 [::1]:62695 HTTP/1.1 GET /login
INFO	2024/06/06 15:55:48 connection is established
INFO	2024/06/06 15:55:48 Starting server on :4000
INFO	2024/06/06 16:00:39 [::1]:62713 HTTP/1.1 GET /login
INFO	2024/06/06 16:00:44 [::1]:62713 HTTP/1.1 POST /login
INFO	2024/06/06 16:00:44 [::1]:62713 HTTP/1.1 GET /login
INFO	2024/06/06 16:00:48 [::1]:62713 HTTP/1.1 POST /login
INFO	2024/06/06 16:00:48 [::1]:62713 HTTP/1.1 GET /
INFO	2024/06/06 16:00:53 [::1]:62713 HTTP/1.1 POST /login
INFO	2024/06/06 16:00:53 [::1]:62713 HTTP/1.1 GET /
INFO	2024/06/06 16:00:59 [::1]:62713 HTTP/1.1 GET /
INFO	2024/06/06 16:01:01 [::1]:62713 HTTP/1.1 GET /tasksdelete?id=1
INFO	2024/06/06 16:01:06 [::1]:62713 HTTP/1.1 POST /login
INFO	2024/06/06 16:01:06 [::1]:62713 HTTP/1.1 GET /
INFO	2024/06/06 16:17:58 connection is established
INFO	2024/06/06 16:17:58 Starting server on :4000
INFO	2024/06/06 16:18:09 [::1]:62764 HTTP/1.1 GET /
INFO	2024/06/06 16:18:10 [::1]:62764 HTTP/1.1 GET /
INFO	2024/06/06 16:19:33 connection is established
INFO	2024/06/06 16:19:33 Starting server on :4000
INFO	2024/06/06 16:19:39 [::1]:62772 HTTP/1.1 GET /
INFO	2024/06/06 16:19:39 [::1]:62772 HTTP/1.1 GET /login
INFO	2024/06/06 16:19:49 [::1]:62772 HTTP/1.1 POST /login
INFO	2024/06/06 16:19:49 [::1]:62772 HTTP/1.1 GET /login
INFO	2024/06/06 16:19:52 [::1]:62772 HTTP/1.1 GET /
INFO	2024/06/06 16:19:52 [::1]:62772 HTTP/1.1 GET /login
INFO	2024/06/06 16:20:47 connection is established
INFO	2024/06/06 16:20:47 Starting server on :4000
INFO	2024/06/06 16:20:54 [::1]:62788 HTTP/1.1 GET /login
INFO	2024/06/06 16:20:57 [::1]:62788 HTTP/1.1 GET /
INFO	2024/06/06 16:20:57 [::1]:62788 HTTP/1.1 GET /login
INFO	2024/06/06 16:21:02 [::1]:62788 HTTP/1.1 GET /signup
INFO	2024/06/06 16:21:38 [::1]:62788 HTTP/1.1 POST /login
INFO	2024/06/06 16:21:39 [::1]:62788 HTTP/1.1 GET /login
INFO	2024/06/06 16:21:48 [::1]:62788 HTTP/1.1 GET /
INFO	2024/06/06 16:21:48 [::1]:62788 HTTP/1.1 GET /login
INFO	2024/06/06 16:25:07 connection is established
INFO	2024/06/06 16:25:07 Starting server on :4000
INFO	2024/06/06 16:25:16 [::1]:62814 HTTP/1.1 GET /login
INFO	2024/06/06 16:25:24 [::1]:62814 HTTP/1.1 GET /l
INFO	2024/06/06 16:25:27 [::1]:62814 HTTP/1.1 GET /
INFO	2024/06/06 16:25:27 [::1]:62814 HTTP/1.1 GET /login
INFO	2024/06/06 16:25:30 [::1]:62814 HTTP/1.1 GET /signup
INFO	2024/06/06 16:25:38 [::1]:62814 HTTP/1.1 POST /login
INFO	2024/06/06 16:25:38 [::1]:62814 HTTP/1.1 GET /login
INFO	2024/06/06 16:28:31 connection is established
INFO	2024/06/06 16:28:31 Starting server on :4000
INFO	2024/06/06 16:28:39 [::1]:62827 HTTP/1.1 GET /login
INFO	2024/06/06 16:28:42 [::1]:62827 HTTP/1.1 GET /signup
INFO	2024/06/06 16:28:49 [::1]:62827 HTTP/1.1 POST /login
INFO	2024/06/06 16:28:49 [::1]:62827 HTTP/1.1 GET /login
INFO	2024/06/06 16:30:16 connection is established
INFO	2024/06/06 16:30:16 Starting server on :4000
INFO	2024/06/06 16:30:44 [::1]:62887 HTTP/1.1 GET /login
INFO	2024/06/06 16:30:51 [::1]:62887 HTTP/1.1 POST /login
INFO	2024/06/06 16:30:51 [::1]:62887 HTTP/1.1 GET /login
INFO	2024/06/06 16:30:55 [::1]:62887 HTTP/1.1 GET /
INFO	2024/06/06 16:30:55 [::1]:62887 HTTP/1.1 GET /login
INFO	2024/06/06 16:30:59 [::1]:62887 HTTP/1.1 GET /signup
INFO	2024/06/06 16:31:08 [::1]:62887 HTTP/1.1 POST /login
INFO	2024/06/06 16:31:08 [::1]:62887 HTTP/1.1 GET /login
INFO	2024/06/06 16:32:17 connection is established
INFO	2024/06/06 16:32:17 Starting server on :4000
INFO	2024/06/06 16:32:24 [::1]:62898 HTTP/1.1 GET /login
INFO	2024/06/06 16:32:25 [::1]:62898 HTTP/1.1 GET /login
INFO	2024/06/06 16:32:29 [::1]:62898 HTTP/1.1 GET /
INFO	2024/06/06 16:32:29 [::1]:62898 HTTP/1.1 GET /login
INFO	2024/06/06 16:32:31 [::1]:62898 HTTP/1.1 GET /signup
INFO	2024/06/06 16:32:37 [::1]:62898 HTTP/1.1 POST /signup
INFO	2024/06/06 16:32:37 [::1]:62898 HTTP/1.1 GET /
INFO	2024/06/06 16:33:45 [::1]:62898 HTTP/1.1 GET /
INFO	2024/06/06 16:35:39 connection is established
INFO	2024/06/06 16:35:39 Starting server on :4000
INFO	2024/06/06 16:35:48 [::1]:62913 HTTP/1.1 GET /
INFO	2024/06/06 16:35:52 [::1]:62913 HTTP/1.1 GET /logout
INFO	2024/06/06 16:36:49 connection is established
INFO	2024/06/06 16:36:49 Starting server on :4000
INFO	2024/06/06 16:36:57 [::1]:62923 HTTP/1.1 GET /logout
INFO	2024/06/06 16:36:57 [::1]:62923 HTTP/1.1 GET /login
INFO	2024/06/06 16:37:02 [::1]:62923 HTTP/1.1 POST /login
INFO	2024/06/06 16:37:02 [::1]:62923 HTTP/1.1 GET /login
INFO	2024/06/06 16:37:04 [::1]:62923 HTTP/1.1 GET /signup
INFO	2024/06/06 16:37:13 [::1]:62923 HTTP/1.1 POST /signup
INFO	2024/06/06 16:37:13 [::1]:62923 HTTP/1.1 GET /
INFO	2024/06/06 16:37:18 [::1]:62923 HTTP/1.1 POST /tasks
INFO	2024/06/06 16:37:23 [::1]:62923 HTTP/1.1 POST /delete?id=61
INFO	2024/06/06 16:37:23 [::1]:62923 HTTP/1.1 GET /
INFO	2024/06/06 16:37:24 [::1]:62923 HTTP/1.1 POST /delete?id=62
INFO	2024/06/06 16:37:24 [::1]:62923 HTTP/1.1 GET /
INFO	2024/06/06 16:37:24 [::1]:62923 HTTP/1.1 POST /delete?id=63
INFO	2024/06/06 16:37:24 [::1]:62923 HTTP/1.1 GET /
INFO	2024/06/06 16:37:25 [::1]:62923 HTTP/1.1 POST /delete?id=64
INFO	2024/06/06 16:37:25 [::1]:62923 HTTP/1.1 GET /
INFO	2024/06/06 16:37:25 [::1]:62923 HTTP/1.1 POST /delete?id=65
INFO	2024/06/06 16:37:25 [::1]:62923 HTTP/1.1 GET /
INFO	2024/06/06 16:37:26 [::1]:62923 HTTP/1.1 POST /delete?id=66
INFO	2024/06/06 16:37:26 [::1]:62923 HTTP/1.1 GET /
INFO	2024/06/06 16:37:26 [::1]:62923 HTTP/1.1 POST /delete?id=67
INFO	2024/06/06 16:37:27 [::1]:62923 HTTP/1.1 GET /
INFO	2024/06/06 16:37:27 [::1]:62923 HTTP/1.1 POST /delete?id=68
INFO	2024/06/06 16:37:27 [::1]:62923 HTTP/1.1 GET /
INFO	2024/06/06 16:37:28 [::1]:62923 HTTP/1.1 POST /delete?id=69
INFO	2024/06/06 16:37:28 [::1]:62923 HTTP/1.1 GET /
INFO	2024/06/06 16:37:30 [::1]:62923 HTTP/1.1 GET /logout
INFO	2024/06/06 16:37:30 [::1]:62923 HTTP/1.1 GET /login
INFO	2024/06/06 16:37:32 [::1]:62923 HTTP/1.1 GET /
INFO	2024/06/06 16:37:32 [::1]:62923 HTTP/1.1 GET /login
INFO	2024/06/06 16:40:42 [::1]:62923 HTTP/1.1 GET /
INFO	2024/06/06 16:40:42 [::1]:62923 HTTP/1.1 GET /login
INFO	2024/06/06 16:40:56 [::1]:62923 HTTP/1.1 POST /login
INFO	2024/06/06 16:40:56 [::1]:62923 HTTP/1.1 GET /login
INFO	2024/06/06 16:41:00 [::1]:62923 HTTP/1.1 GET /signup
INFO	2024/06/06 16:41:10 [::1]:62923 HTTP/1.1 POST /signup
INFO	2024/06/06 16:41:10 [::1]:62923 HTTP/1.1 GET /
INFO	2024/06/06 16:41:18 [::1]:62923 HTTP/1.1 POST /tasks
INFO	2024/06/06 16:41:20 [::1]:62923 HTTP/1.1 GET /logout
INFO	2024/06/06 16:41:20 [::1]:62923 HTTP/1.1 GET /login
INFO	2024/06/06 16:41:27 [::1]:62923 HTTP/1.1 POST /login
INFO	2024/06/06 16:41:27 [::1]:62923 HTTP/1.1 GET /
INFO	2024/06/06 16:41:30 [::1]:62923 HTTP/1.1 POST /delete?id=70
INFO	2024/06/06 16:41:30 [::1]:62923 HTTP/1.1 GET /
INFO	2024/06/06 16:48:39 connection is established
INFO	2024/06/06 16:48:39 Starting server on :4000
INFO	2024/06/06 16:48:54 [::1]:62969 HTTP/1.1 GET /
INFO	2024/06/06 16:48:57 [::1]:62969 HTTP/1.1 GET /logout
INFO	2024/06/06 16:48:57 [::1]:62969 HTTP/1.1 GET /login
INFO	2024/06/06 16:49:01 [::1]:62969 HTTP/1.1 POST /login
INFO	2024/06/06 16:49:01 [::1]:62969 HTTP/1.1 GET /login
INFO	2024/06/06 16:52:33 connection is established
INFO	2024/06/06 16:52:33 Starting server on :4000
INFO	2024/06/06 16:52:59 [::1]:63002 HTTP/1.1 GET /login
INFO	2024/06/06 16:53:06 [::1]:63002 HTTP/1.1 POST /login
INFO	2024/06/06 16:53:06 [::1]:63002 HTTP/1.1 GET /login
INFO	2024/06/06 16:57:55 connection is established
INFO	2024/06/06 16:57:55 Starting server on :4000
INFO	2024/06/06 16:59:51 [::1]:63025 HTTP/1.1 GET /
INFO	2024/06/06 16:59:51 [::1]:63025 HTTP/1.1 GET /login
INFO	2024/06/06 17:00:07 [::1]:63025 HTTP/1.1 POST /login
INFO	2024/06/06 17:00:07 [::1]:63025 HTTP/1.1 GET /
INFO	2024/06/06 17:00:10 [::1]:63025 HTTP/1.1 GET /
INFO	2024/06/06 17:00:12 [::1]:63025 HTTP/1.1 GET /logout
INFO	2024/06/06 17:00:12 [::1]:63025 HTTP/1.1 GET /login
INFO	2024/06/06 17:01:06 [::1]:63025 HTTP/1.1 GET /signup
INFO	2024/06/06 17:01:09 [::1]:63025 HTTP/1.1 POST /signup
INFO	2024/06/06 17:02:40 connection is established
INFO	2024/06/06 17:02:40 Starting server on :4000
INFO	2024/06/06 17:02:49 [::1]:63041 HTTP/1.1 GET /signup
INFO	2024/06/06 17:03:00 [::1]:63041 HTTP/1.1 POST /signup
INFO	2024/06/06 17:03:53 connection is established
INFO	2024/06/06 17:03:53 Starting server on :4000
INFO	2024/06/06 17:04:13 [::1]:63050 HTTP/1.1 POST /signup
INFO	2024/06/06 17:04:13 [::1]:63050 HTTP/1.1 GET /signup
INFO	2024/06/06 17:04:16 [::1]:63050 HTTP/1.1 POST /signup
INFO	2024/06/06 17:04:16 [::1]:63050 HTTP/1.1 GET /signup
INFO	2024/06/06 17:04:35 [::1]:63050 HTTP/1.1 GET /signup
INFO	2024/06/06 17:05:46 connection is established
INFO	2024/06/06 17:05:46 Starting server on :4000
INFO	2024/06/06 17:05:55 [::1]:63061 HTTP/1.1 GET /signup
INFO	2024/06/06 17:05:57 [::1]:63061 HTTP/1.1 GET /signup
INFO	2024/06/06 17:06:00 [::1]:63061 HTTP/1.1 POST /signup
INFO	2024/06/06 17:06:00 [::1]:63061 HTTP/1.1 GET /signup
INFO	2024/06/06 17:06:14 [::1]:63061 HTTP/1.1 POST /signup
INFO	2024/06/06 17:06:14 [::1]:63061 HTTP/1.1 GET /
INFO	2024/06/06 17:07:05 connection is established
INFO	2024/06/06 17:07:05 Starting server on :4000
INFO	2024/06/06 17:07:27 [::1]:63077 HTTP/1.1 GET /logout
INFO	2024/06/06 17:07:27 [::1]:63077 HTTP/1.1 GET /login
INFO	2024/06/06 17:08:18 [::1]:63077 HTTP/1.1 GET /signup
INFO	2024/06/06 17:08:24 [::1]:63077 HTTP/1.1 POST /signup
INFO	2024/06/06 17:08:24 [::1]:63077 HTTP/1.1 GET /
INFO	2024/06/06 17:08:37 [::1]:63077 HTTP/1.1 GET /logout
INFO	2024/06/06 17:08:37 [::1]:63077 HTTP/1.1 GET /login
INFO	2024/06/06 17:09:12 connection is established
INFO	2024/06/06 17:09:12 Starting server on :4000
INFO	2024/06/06 17:09:43 [::1]:63094 HTTP/1.1 GET /login
INFO	2024/06/06 17:09:47 [::1]:63094 HTTP/1.1 POST /login
INFO	2024/06/06 17:09:47 [::1]:63094 HTTP/1.1 GET /
INFO	2024/06/06 17:09:49 [::1]:63094 HTTP/1.1 GET /logout
INFO	2024/06/06 17:09:49 [::1]:63094 HTTP/1.1 GET /login
INFO	2024/06/06 17:17:36 [::1]:63119 HTTP/1.1 GET /signup
INFO	2024/06/06 17:17:50 [::1]:63119 HTTP/1.1 POST /signup
INFO	2024/06/06 17:17:50 [::1]:63119 HTTP/1.1 GET /
INFO	2024/06/06 17:17:56 [::1]:63119 HTTP/1.1 GET /logout
INFO	2024/06/06 17:17:56 [::1]:63119 HTTP/1.1 GET /login
INFO	2024/06/06 17:18:03 [::1]:63119 HTTP/1.1 POST /login
INFO	2024/06/06 17:18:03 [::1]:63119 HTTP/1.1 GET /
INFO	2024/06/06 17:18:09 [::1]:63119 HTTP/1.1 GET /logout
INFO	2024/06/06 17:18:09 [::1]:63119 HTTP/1.1 GET /login
INFO	2024/06/06 17:23:31 [::1]:63154 HTTP/1.1 GET /login
INFO	2024/06/06 17:23:31 [::1]:63154 HTTP/1.1 GET /static/css/loggers.css
INFO	2024/06/06 17:23:43 [::1]:63154 HTTP/1.1 GET /static/css/loggers.css
INFO	2024/06/06 17:23:49 [::1]:63154 HTTP/1.1 GET /login
INFO	2024/06/06 17:23:49 [::1]:63154 HTTP/1.1 GET /static/css/loggers.css
INFO	2024/06/06 17:23:52 [::1]:63154 HTTP/1.1 GET /login
INFO	2024/06/06 17:23:52 [::1]:63154 HTTP/1.1 GET /static/css/loggers.css
INFO	2024/06/06 17:23:52 [::1]:63154 HTTP/1.1 GET /login
INFO	2024/06/06 17:23:52 [::1]:63154 HTTP/1.1 GET /static/css/loggers.css
INFO	2024/06/06 17:23:53 [::1]:63154 HTTP/1.1 GET /login
INFO	2024/06/06 17:23:53 [::1]:63154 HTTP/1.1 GET /static/css/loggers.css
INFO	2024/06/06 17:23:53 [::1]:63154 HTTP/1.1 GET /login
INFO	2024/06/06 17:23:53 [::1]:63154 HTTP/1.1 GET /static/css/loggers.css
INFO	2024/06/06 17:24:38 [::1]:63154 HTTP/1.1 GET /login
INFO	2024/06/06 17:24:38 [::1]:63154 HTTP/1.1 GET /static/css/loggers.css
INFO	2024/06/06 17:24:49 [::1]:63154 HTTP/1.1 GET /static/css/loggers.css
INFO	2024/06/06 17:24:54 [::1]:63154 HTTP/1.1 GET /login
INFO	2024/06/06 17:24:54 [::1]:63154 HTTP/1.1 GET /static/css/loggers.css
INFO	2024/06/06 17:24:59 [::1]:63154 HTTP/1.1 GET /static/css/loggers.css
INFO	2024/06/06 17:25:01 [::1]:63154 HTTP/1.1 GET /login
INFO	2024/06/06 17:25:01 [::1]:63154 HTTP/1.1 GET /static/css/loggers.css
INFO	2024/06/06 17:25:15 [::1]:63154 HTTP/1.1 GET /login
INFO	2024/06/06 17:25:15 [::1]:63154 HTTP/1.1 GET /static/css/logger.css
INFO	2024/06/06 17:26:10 [::1]:63154 HTTP/1.1 GET /login
INFO	2024/06/06 17:26:10 [::1]:63154 HTTP/1.1 GET /static/css/logger.css
INFO	2024/06/06 17:27:20 [::1]:63154 HTTP/1.1 GET /login
INFO	2024/06/06 17:27:20 [::1]:63154 HTTP/1.1 GET /static/css/logger.css
INFO	2024/06/06 17:38:04 [::1]:63241 HTTP/1.1 POST /login
INFO	2024/06/06 17:38:04 [::1]:63241 HTTP/1.1 GET /login
INFO	2024/06/06 17:38:04 [::1]:63241 HTTP/1.1 GET /static/css/logger.css
INFO	2024/06/06 17:38:11 [::1]:63241 HTTP/1.1 POST /login
INFO	2024/06/06 17:38:11 [::1]:63241 HTTP/1.1 GET /
INFO	2024/06/06 17:38:14 [::1]:63241 HTTP/1.1 GET /logout
INFO	2024/06/06 17:38:14 [::1]:63241 HTTP/1.1 GET /login
INFO	2024/06/06 17:38:14 [::1]:63241 HTTP/1.1 GET /static/css/logger.css
INFO	2024/06/06 17:38:17 [::1]:63241 HTTP/1.1 GET /signup
INFO	2024/06/06 17:38:24 [::1]:63241 HTTP/1.1 POST /signup
INFO	2024/06/06 17:38:24 [::1]:63241 HTTP/1.1 GET /signup
INFO	2024/06/06 17:38:30 [::1]:63241 HTTP/1.1 POST /signup
INFO	2024/06/06 17:38:30 [::1]:63241 HTTP/1.1 GET /
INFO	2024/06/06 17:38:34 [::1]:63241 HTTP/1.1 GET /logout
INFO	2024/06/06 17:38:34 [::1]:63241 HTTP/1.1 GET /login
INFO	2024/06/06 17:38:34 [::1]:63241 HTTP/1.1 GET /static/css/logger.css
INFO	2024/06/06 17:39:22 [::1]:63241 HTTP/1.1 GET /login
INFO	2024/06/06 17:39:22 [::1]:63241 HTTP/1.1 GET /static/css/logger.css
INFO	2024/06/06 17:39:23 [::1]:63241 HTTP/1.1 GET /login
INFO	2024/06/06 17:40:18 [::1]:63241 HTTP/1.1 GET /login
INFO	2024/06/06 17:40:18 [::1]:63241 HTTP/1.1 GET /static/css/logger.css
INFO	2024/06/06 17:40:58 [::1]:63241 HTTP/1.1 GET /login
INFO	2024/06/06 17:40:58 [::1]:63241 HTTP/1.1 GET /static/css/logger.css
INFO	2024/06/06 17:41:06 [::1]:63241 HTTP/1.1 GET /login
INFO	2024/06/06 17:41:06 [::1]:63241 HTTP/1.1 GET /static/css/logger.css
INFO	2024/06/06 17:45:06 [::1]:63241 HTTP/1.1 GET /login
INFO	2024/06/06 17:45:06 [::1]:63241 HTTP/1.1 GET /static/css/logger.css
INFO	2024/06/06 17:46:54 [::1]:63241 HTTP/1.1 GET /login
INFO	2024/06/06 17:46:54 [::1]:63241 HTTP/1.1 GET /static/css/logger.css
INFO	2024/06/06 17:50:25 [::1]:63241 HTTP/1.1 GET /login
INFO	2024/06/06 17:50:25 [::1]:63241 HTTP/1.1 GET /static/css/logger.css
INFO	2024/06/06 17:50:50 [::1]:63241 HTTP/1.1 GET /login
INFO	2024/06/06 17:50:50 [::1]:63241 HTTP/1.1 GET /static/css/logger.css
INFO	2024/06/06 17:51:09 [::1]:63241 HTTP/1.1 GET /login
INFO	2024/06/06 17:51:09 [::1]:63241 HTTP/1.1 GET /static/css/logger.css
INFO	2024/06/06 17:52:42 [::1]:63241 HTTP/1.1 GET /login
INFO	2024/06/06 17:52:42 [::1]:63241 HTTP/1.1 GET /static/css/logger.css
INFO	2024/06/06 17:52:53 [::1]:63241 HTTP/1.1 GET /login
INFO	2024/06/06 17:52:53 [::1]:63241 HTTP/1.1 GET /static/css/logger.css
INFO	2024/06/06 17:53:07 [::1]:63241 HTTP/1.1 GET /login
INFO	2024/06/06 17:53:08 [::1]:63241 HTTP/1.1 GET /static/css/logger.css
INFO	2024/06/06 17:53:22 [::1]:63241 HTTP/1.1 GET /login
INFO	2024/06/06 17:53:22 [::1]:63241 HTTP/1.1 GET /static/css/logger.css
INFO	2024/06/06 17:53:48 [::1]:63241 HTTP/1.1 GET /login
INFO	2024/06/06 17:53:48 [::1]:63241 HTTP/1.1 GET /static/css/logger.css
INFO	2024/06/06 17:54:29 [::1]:63241 HTTP/1.1 GET /login
INFO	2024/06/06 17:54:29 [::1]:63241 HTTP/1.1 GET /static/css/logger.css
INFO	2024/06/06 17:54:38 [::1]:63241 HTTP/1.1 GET /login
INFO	2024/06/06 17:54:38 [::1]:63241 HTTP/1.1 GET /static/css/logger.css
INFO	2024/06/06 17:55:02 [::1]:63241 HTTP/1.1 GET /login
INFO	2024/06/06 17:55:02 [::1]:63241 HTTP/1.1 GET /static/css/logger.css
INFO	2024/06/06 17:55:09 [::1]:63241 HTTP/1.1 GET /login
INFO	2024/06/06 17:55:09 [::1]:63241 HTTP/1.1 GET /static/css/logger.css
INFO	2024/06/06 17:55:19 [::1]:63241 HTTP/1.1 GET /login
INFO	2024/06/06 17:55:19 [::1]:63241 HTTP/1.1 GET /static/css/logger.css
INFO	2024/06/06 17:55:59 [::1]:63241 HTTP/1.1 GET /login
INFO	2024/06/06 17:56:00 [::1]:63241 HTTP/1.1 GET /static/css/logger.css
INFO	2024/06/06 17:56:35 [::1]:63241 HTTP/1.1 GET /login
INFO	2024/06/06 17:56:35 [::1]:63241 HTTP/1.1 GET /static/css/logger.css
INFO	2024/06/06 17:57:03 [::1]:63241 HTTP/1.1 GET /login
INFO	2024/06/06 17:57:04 [::1]:63241 HTTP/1.1 GET /static/css/logger.css
INFO	2024/06/06 17:57:04 [::1]:63241 HTTP/1.1 GET /login
INFO	2024/06/06 17:57:24 [::1]:63241 HTTP/1.1 GET /login
INFO	2024/06/06 17:57:24 [::1]:63241 HTTP/1.1 GET /static/css/logger.css
INFO	2024/06/06 17:57:25 [::1]:63241 HTTP/1.1 GET /login
INFO	2024/06/06 17:57:25 [::1]:63241 HTTP/1.1 GET /static/css/logger.css
INFO	2024/06/06 17:58:03 [::1]:63241 HTTP/1.1 GET /login
INFO	2024/06/06 17:58:03 [::1]:63241 HTTP/1.1 GET /static/css/logger.css
INFO	2024/06/06 17:58:21 [::1]:63241 HTTP/1.1 GET /login
INFO	2024/06/06 17:58:21 [::1]:63241 HTTP/1.1 GET /static/css/logger.css
INFO	2024/06/06 17:58:53 [::1]:63241 HTTP/1.1 GET /login
INFO	2024/06/06 17:58:54 [::1]:63241 HTTP/1.1 GET /login
INFO	2024/06/06 17:59:04 [::1]:63241 HTTP/1.1 GET /login
INFO	2024/06/06 17:59:04 [::1]:63241 HTTP/1.1 GET /static/css/logger.css
INFO	2024/06/06 17:59:33 [::1]:63241 HTTP/1.1 GET /login
INFO	2024/06/06 17:59:33 [::1]:63241 HTTP/1.1 GET /static/css/logger.css
INFO	2024/06/06 17:59:42 [::1]:63241 HTTP/1.1 GET /login
INFO	2024/06/06 17:59:42 [::1]:63241 HTTP/1.1 GET /static/css/logger.css
INFO	2024/06/06 18:00:05 [::1]:63241 HTTP/1.1 GET /login
INFO	2024/06/06 18:00:05 [::1]:63241 HTTP/1.1 GET /static/css/logger.css
INFO	2024/06/06 18:00:05 [::1]:63241 HTTP/1.1 GET /login
INFO	2024/06/06 18:00:05 [::1]:63241 HTTP/1.1 GET /static/css/logger.css
INFO	2024/06/06 18:00:07 [::1]:63241 HTTP/1.1 GET /login
INFO	2024/06/06 18:00:07 [::1]:63241 HTTP/1.1 GET /static/css/logger.css
INFO	2024/06/06 18:00:26 [::1]:63241 HTTP/1.1 GET /login
INFO	2024/06/06 18:00:26 [::1]:63241 HTTP/1.1 GET /static/css/logger.css
INFO	2024/06/06 18:00:55 [::1]:63241 HTTP/1.1 GET /login
INFO	2024/06/06 18:00:55 [::1]:63241 HTTP/1.1 GET /static/css/logger.css
INFO	2024/06/06 18:00:56 [::1]:63241 HTTP/1.1 GET /login
INFO	2024/06/06 18:00:56 [::1]:63241 HTTP/1.1 GET /static/css/logger.css
INFO	2024/06/06 18:01:08 [::1]:63241 HTTP/1.1 GET /login
INFO	2024/06/06 18:01:08 [::1]:63241 HTTP/1.1 GET /static/css/logger.css
INFO	2024/06/06 18:02:50 [::1]:63241 HTTP/1.1 GET /login
INFO	2024/06/06 18:02:50 [::1]:63241 HTTP/1.1 GET /static/css/logger.css
INFO	2024/06/06 18:03:07 [::1]:63241 HTTP/1.1 GET /login
INFO	2024/06/06 18:03:08 [::1]:63241 HTTP/1.1 GET /static/css/logger.css
INFO	2024/06/06 18:03:30 [::1]:63241 HTTP/1.1 GET /login
INFO	2024/06/06 18:03:30 [::1]:63241 HTTP/1.1 GET /static/css/logger.css
INFO	2024/06/06 18:03:48 [::1]:63241 HTTP/1.1 GET /login
INFO	2024/06/06 18:03:48 [::1]:63241 HTTP/1.1 GET /static/css/logger.css
INFO	2024/06/06 18:04:09 [::1]:63241 HTTP/1.1 GET /login
INFO	2024/06/06 18:04:09 [::1]:63241 HTTP/1.1 GET /static/css/logger.css
INFO	2024/06/06 18:04:47 [::1]:63241 HTTP/1.1 GET /login
INFO	2024/06/06 18:04:47 [::1]:63241 HTTP/1.1 GET /static/css/logger.css
INFO	2024/06/06 18:05:14 [::1]:63241 HTTP/1.1 GET /login
INFO	2024/06/06 18:05:14 [::1]:63241 HTTP/1.1 GET /static/css/logger.css
INFO	2024/06/06 18:08:16 [::1]:63241 HTTP/1.1 GET /login
INFO	2024/06/06 18:08:16 [::1]:63241 HTTP/1.1 GET /static/css/logger.css
INFO	2024/06/06 18:08:17 [::1]:63241 HTTP/1.1 GET /login
INFO	2024/06/06 18:08:17 [::1]:63241 HTTP/1.1 GET /login
INFO	2024/06/06 18:08:18 [::1]:63241 HTTP/1.1 GET /login
INFO	2024/06/06 18:08:30 [::1]:63241 HTTP/1.1 GET /login
